{"C:\\Users\\moham\\Desktop\\pal\\backend\\src\\app.ts": {"path":"C:\\Users\\moham\\Desktop\\pal\\backend\\src\\app.ts","statementMap":{"0":{"start":{"line":1,"column":0},"end":{"line":1,"column":30}},"1":{"start":{"line":2,"column":0},"end":{"line":2,"column":24}},"2":{"start":{"line":4,"column":0},"end":{"line":4,"column":43}},"3":{"start":{"line":5,"column":0},"end":{"line":5,"column":39}},"4":{"start":{"line":6,"column":0},"end":{"line":6,"column":41}},"5":{"start":{"line":7,"column":0},"end":{"line":7,"column":45}},"6":{"start":{"line":8,"column":0},"end":{"line":8,"column":39}},"7":{"start":{"line":9,"column":0},"end":{"line":9,"column":47}},"8":{"start":{"line":10,"column":0},"end":{"line":10,"column":41}},"9":{"start":{"line":11,"column":0},"end":{"line":11,"column":49}},"10":{"start":{"line":13,"column":12},"end":{"line":13,"column":21}},"11":{"start":{"line":15,"column":0},"end":{"line":15,"column":16}},"12":{"start":{"line":16,"column":0},"end":{"line":16,"column":24}},"13":{"start":{"line":18,"column":0},"end":{"line":18,"column":33}},"14":{"start":{"line":19,"column":0},"end":{"line":19,"column":33}},"15":{"start":{"line":20,"column":0},"end":{"line":20,"column":35}},"16":{"start":{"line":21,"column":0},"end":{"line":21,"column":39}},"17":{"start":{"line":22,"column":0},"end":{"line":22,"column":33}},"18":{"start":{"line":23,"column":0},"end":{"line":23,"column":41}},"19":{"start":{"line":24,"column":0},"end":{"line":24,"column":35}},"20":{"start":{"line":25,"column":0},"end":{"line":25,"column":55}},"21":{"start":{"line":26,"column":0},"end":{"line":26,"column":50}},"22":{"start":{"line":27,"column":0},"end":{"line":27,"column":43}},"23":{"start":{"line":29,"column":0},"end":{"line":29,"column":87}},"24":{"start":{"line":29,"column":28},"end":{"line":29,"column":85}},"25":{"start":{"line":32,"column":0},"end":{"line":35,"column":3}},"26":{"start":{"line":33,"column":2},"end":{"line":33,"column":21}},"27":{"start":{"line":34,"column":2},"end":{"line":34,"column":88}},"28":{"start":{"line":37,"column":0},"end":{"line":37,"column":19}}},"fnMap":{"0":{"name":"(anonymous_1)","decl":{"start":{"line":29,"column":13},"end":{"line":29,"column":14}},"loc":{"start":{"line":29,"column":28},"end":{"line":29,"column":85}}},"1":{"name":"(anonymous_2)","decl":{"start":{"line":32,"column":8},"end":{"line":32,"column":9}},"loc":{"start":{"line":32,"column":96},"end":{"line":35,"column":1}}}},"branchMap":{"0":{"loc":{"start":{"line":34,"column":13},"end":{"line":34,"column":30}},"type":"binary-expr","locations":[{"start":{"line":34,"column":13},"end":{"line":34,"column":23}},{"start":{"line":34,"column":27},"end":{"line":34,"column":30}}]},"1":{"loc":{"start":{"line":34,"column":46},"end":{"line":34,"column":84}},"type":"binary-expr","locations":[{"start":{"line":34,"column":46},"end":{"line":34,"column":57}},{"start":{"line":34,"column":61},"end":{"line":34,"column":84}}]}},"s":{"0":9,"1":9,"2":9,"3":9,"4":9,"5":9,"6":9,"7":9,"8":9,"9":9,"10":9,"11":9,"12":9,"13":9,"14":9,"15":9,"16":9,"17":9,"18":9,"19":9,"20":9,"21":9,"22":9,"23":9,"24":0,"25":9,"26":0,"27":0,"28":9},"f":{"0":0,"1":0},"b":{"0":[0,0],"1":[0,0]}}
,"C:\\Users\\moham\\Desktop\\pal\\backend\\src\\config.ts": {"path":"C:\\Users\\moham\\Desktop\\pal\\backend\\src\\config.ts","statementMap":{"0":{"start":{"line":1,"column":13},"end":{"line":1,"column":71}},"1":{"start":{"line":2,"column":13},"end":{"line":2,"column":59}},"2":{"start":{"line":3,"column":13},"end":{"line":3,"column":65}},"3":{"start":{"line":4,"column":13},"end":{"line":4,"column":61}}},"fnMap":{},"branchMap":{"0":{"loc":{"start":{"line":1,"column":20},"end":{"line":1,"column":70}},"type":"cond-expr","locations":[{"start":{"line":1,"column":39},"end":{"line":1,"column":63}},{"start":{"line":1,"column":66},"end":{"line":1,"column":70}}]},"1":{"loc":{"start":{"line":2,"column":28},"end":{"line":2,"column":58}},"type":"binary-expr","locations":[{"start":{"line":2,"column":28},"end":{"line":2,"column":52}},{"start":{"line":2,"column":56},"end":{"line":2,"column":58}}]},"2":{"loc":{"start":{"line":3,"column":26},"end":{"line":3,"column":64}},"type":"binary-expr","locations":[{"start":{"line":3,"column":26},"end":{"line":3,"column":48}},{"start":{"line":3,"column":52},"end":{"line":3,"column":64}}]},"3":{"loc":{"start":{"line":4,"column":29},"end":{"line":4,"column":60}},"type":"binary-expr","locations":[{"start":{"line":4,"column":29},"end":{"line":4,"column":54}},{"start":{"line":4,"column":58},"end":{"line":4,"column":60}}]}},"s":{"0":2,"1":2,"2":2,"3":2},"f":{},"b":{"0":[1,1],"1":[2,1],"2":[2,1],"3":[2,1]}}
,"C:\\Users\\moham\\Desktop\\pal\\backend\\src\\index.ts": {"path":"C:\\Users\\moham\\Desktop\\pal\\backend\\src\\index.ts","statementMap":{"0":{"start":{"line":1,"column":0},"end":{"line":1,"column":28}},"1":{"start":{"line":2,"column":0},"end":{"line":2,"column":16}},"2":{"start":{"line":4,"column":0},"end":{"line":4,"column":24}},"3":{"start":{"line":6,"column":13},"end":{"line":6,"column":37}},"4":{"start":{"line":8,"column":0},"end":{"line":10,"column":3}},"5":{"start":{"line":9,"column":2},"end":{"line":9,"column":60}}},"fnMap":{"0":{"name":"(anonymous_1)","decl":{"start":{"line":8,"column":17},"end":{"line":8,"column":20}},"loc":{"start":{"line":8,"column":22},"end":{"line":10,"column":1}}}},"branchMap":{"0":{"loc":{"start":{"line":6,"column":13},"end":{"line":6,"column":37}},"type":"binary-expr","locations":[{"start":{"line":6,"column":13},"end":{"line":6,"column":29}},{"start":{"line":6,"column":33},"end":{"line":6,"column":37}}]}},"s":{"0":0,"1":0,"2":0,"3":0,"4":0,"5":0},"f":{"0":0},"b":{"0":[0,0]}}
,"C:\\Users\\moham\\Desktop\\pal\\backend\\src\\prisma.ts": {"path":"C:\\Users\\moham\\Desktop\\pal\\backend\\src\\prisma.ts","statementMap":{"0":{"start":{"line":1,"column":0},"end":{"line":1,"column":46}},"1":{"start":{"line":3,"column":15},"end":{"line":3,"column":33}},"2":{"start":{"line":5,"column":0},"end":{"line":5,"column":22}}},"fnMap":{},"branchMap":{},"s":{"0":9,"1":9,"2":9},"f":{},"b":{}}
,"C:\\Users\\moham\\Desktop\\pal\\backend\\src\\lib\\exports.ts": {"path":"C:\\Users\\moham\\Desktop\\pal\\backend\\src\\lib\\exports.ts","statementMap":{"0":{"start":{"line":5,"column":0},"end":{"line":5,"column":7}},"1":{"start":{"line":16,"column":0},"end":{"line":16,"column":7}},"2":{"start":{"line":33,"column":0},"end":{"line":33,"column":7}},"3":{"start":{"line":44,"column":0},"end":{"line":44,"column":16}},"4":{"start":{"line":1,"column":0},"end":{"line":1,"column":30}},"5":{"start":{"line":2,"column":0},"end":{"line":2,"column":33}},"6":{"start":{"line":3,"column":0},"end":{"line":3,"column":60}},"7":{"start":{"line":6,"column":13},"end":{"line":6,"column":35}},"8":{"start":{"line":7,"column":13},"end":{"line":7,"column":40}},"9":{"start":{"line":8,"column":2},"end":{"line":8,"column":94}},"10":{"start":{"line":9,"column":2},"end":{"line":11,"column":3}},"11":{"start":{"line":10,"column":4},"end":{"line":10,"column":248}},"12":{"start":{"line":10,"column":51},"end":{"line":10,"column":66}},"13":{"start":{"line":10,"column":201},"end":{"line":10,"column":218}},"14":{"start":{"line":12,"column":14},"end":{"line":12,"column":41}},"15":{"start":{"line":13,"column":2},"end":{"line":13,"column":13}},"16":{"start":{"line":17,"column":14},"end":{"line":17,"column":45}},"17":{"start":{"line":18,"column":25},"end":{"line":18,"column":27}},"18":{"start":{"line":19,"column":2},"end":{"line":19,"column":45}},"19":{"start":{"line":20,"column":2},"end":{"line":20,"column":26}},"20":{"start":{"line":21,"column":2},"end":{"line":21,"column":64}},"21":{"start":{"line":22,"column":2},"end":{"line":22,"column":17}},"22":{"start":{"line":23,"column":2},"end":{"line":27,"column":3}},"23":{"start":{"line":24,"column":4},"end":{"line":24,"column":60}},"24":{"start":{"line":25,"column":4},"end":{"line":25,"column":215}},"25":{"start":{"line":25,"column":186},"end":{"line":25,"column":203}},"26":{"start":{"line":26,"column":4},"end":{"line":26,"column":22}},"27":{"start":{"line":28,"column":2},"end":{"line":28,"column":12}},"28":{"start":{"line":29,"column":14},"end":{"line":29,"column":144}},"29":{"start":{"line":29,"column":63},"end":{"line":29,"column":116}},"30":{"start":{"line":29,"column":83},"end":{"line":29,"column":114}},"31":{"start":{"line":29,"column":117},"end":{"line":29,"column":141}},"32":{"start":{"line":30,"column":2},"end":{"line":30,"column":13}},"33":{"start":{"line":34,"column":34},"end":{"line":34,"column":131}},"34":{"start":{"line":35,"column":2},"end":{"line":38,"column":5}},"35":{"start":{"line":36,"column":4},"end":{"line":36,"column":85}},"36":{"start":{"line":37,"column":4},"end":{"line":37,"column":152}},"37":{"start":{"line":39,"column":14},"end":{"line":39,"column":68}},"38":{"start":{"line":40,"column":14},"end":{"line":40,"column":40}},"39":{"start":{"line":41,"column":2},"end":{"line":41,"column":13}},"40":{"start":{"line":45,"column":2},"end":{"line":45,"column":40}},"41":{"start":{"line":45,"column":26},"end":{"line":45,"column":40}},"42":{"start":{"line":46,"column":2},"end":{"line":46,"column":37}},"43":{"start":{"line":46,"column":24},"end":{"line":46,"column":37}},"44":{"start":{"line":47,"column":2},"end":{"line":47,"column":39}},"45":{"start":{"line":47,"column":25},"end":{"line":47,"column":39}},"46":{"start":{"line":48,"column":2},"end":{"line":48,"column":15}}},"fnMap":{"0":{"name":"generateExcel","decl":{"start":{"line":5,"column":22},"end":{"line":5,"column":35}},"loc":{"start":{"line":5,"column":51},"end":{"line":14,"column":1}}},"1":{"name":"(anonymous_2)","decl":{"start":{"line":10,"column":42},"end":{"line":10,"column":43}},"loc":{"start":{"line":10,"column":51},"end":{"line":10,"column":66}}},"2":{"name":"(anonymous_3)","decl":{"start":{"line":10,"column":192},"end":{"line":10,"column":193}},"loc":{"start":{"line":10,"column":201},"end":{"line":10,"column":218}}},"3":{"name":"generatePdf","decl":{"start":{"line":16,"column":22},"end":{"line":16,"column":33}},"loc":{"start":{"line":16,"column":49},"end":{"line":31,"column":1}}},"4":{"name":"(anonymous_5)","decl":{"start":{"line":20,"column":16},"end":{"line":20,"column":19}},"loc":{"start":{"line":20,"column":21},"end":{"line":20,"column":24}}},"5":{"name":"(anonymous_6)","decl":{"start":{"line":25,"column":177},"end":{"line":25,"column":178}},"loc":{"start":{"line":25,"column":186},"end":{"line":25,"column":203}}},"6":{"name":"(anonymous_7)","decl":{"start":{"line":29,"column":40},"end":{"line":29,"column":41}},"loc":{"start":{"line":29,"column":60},"end":{"line":29,"column":143}}},"7":{"name":"(anonymous_8)","decl":{"start":{"line":29,"column":77},"end":{"line":29,"column":80}},"loc":{"start":{"line":29,"column":83},"end":{"line":29,"column":114}}},"8":{"name":"generateWord","decl":{"start":{"line":33,"column":22},"end":{"line":33,"column":34}},"loc":{"start":{"line":33,"column":50},"end":{"line":42,"column":1}}},"9":{"name":"(anonymous_10)","decl":{"start":{"line":35,"column":19},"end":{"line":35,"column":20}},"loc":{"start":{"line":35,"column":29},"end":{"line":38,"column":3}}},"10":{"name":"extForFormat","decl":{"start":{"line":44,"column":16},"end":{"line":44,"column":28}},"loc":{"start":{"line":44,"column":43},"end":{"line":49,"column":1}}}},"branchMap":{"0":{"loc":{"start":{"line":10,"column":25},"end":{"line":10,"column":36}},"type":"binary-expr","locations":[{"start":{"line":10,"column":25},"end":{"line":10,"column":32}},{"start":{"line":10,"column":34},"end":{"line":10,"column":36}}]},"1":{"loc":{"start":{"line":10,"column":51},"end":{"line":10,"column":66}},"type":"binary-expr","locations":[{"start":{"line":10,"column":51},"end":{"line":10,"column":57}},{"start":{"line":10,"column":59},"end":{"line":10,"column":66}}]},"2":{"loc":{"start":{"line":10,"column":117},"end":{"line":10,"column":129}},"type":"binary-expr","locations":[{"start":{"line":10,"column":117},"end":{"line":10,"column":125}},{"start":{"line":10,"column":127},"end":{"line":10,"column":129}}]},"3":{"loc":{"start":{"line":10,"column":131},"end":{"line":10,"column":143}},"type":"binary-expr","locations":[{"start":{"line":10,"column":131},"end":{"line":10,"column":139}},{"start":{"line":10,"column":141},"end":{"line":10,"column":143}}]},"4":{"loc":{"start":{"line":10,"column":145},"end":{"line":10,"column":167}},"type":"binary-expr","locations":[{"start":{"line":10,"column":145},"end":{"line":10,"column":162}},{"start":{"line":10,"column":166},"end":{"line":10,"column":167}}]},"5":{"loc":{"start":{"line":10,"column":170},"end":{"line":10,"column":183}},"type":"binary-expr","locations":[{"start":{"line":10,"column":170},"end":{"line":10,"column":179}},{"start":{"line":10,"column":181},"end":{"line":10,"column":183}}]},"6":{"loc":{"start":{"line":10,"column":228},"end":{"line":10,"column":245}},"type":"binary-expr","locations":[{"start":{"line":10,"column":228},"end":{"line":10,"column":239}},{"start":{"line":10,"column":243},"end":{"line":10,"column":245}}]},"7":{"loc":{"start":{"line":24,"column":42},"end":{"line":24,"column":56}},"type":"binary-expr","locations":[{"start":{"line":24,"column":42},"end":{"line":24,"column":50}},{"start":{"line":24,"column":54},"end":{"line":24,"column":56}}]},"8":{"loc":{"start":{"line":25,"column":84},"end":{"line":25,"column":99}},"type":"binary-expr","locations":[{"start":{"line":25,"column":84},"end":{"line":25,"column":92}},{"start":{"line":25,"column":96},"end":{"line":25,"column":99}}]},"9":{"loc":{"start":{"line":25,"column":117},"end":{"line":25,"column":139}},"type":"binary-expr","locations":[{"start":{"line":25,"column":117},"end":{"line":25,"column":134}},{"start":{"line":25,"column":138},"end":{"line":25,"column":139}}]},"10":{"loc":{"start":{"line":25,"column":155},"end":{"line":25,"column":168}},"type":"binary-expr","locations":[{"start":{"line":25,"column":155},"end":{"line":25,"column":164}},{"start":{"line":25,"column":166},"end":{"line":25,"column":168}}]},"11":{"loc":{"start":{"line":37,"column":126},"end":{"line":37,"column":140}},"type":"binary-expr","locations":[{"start":{"line":37,"column":126},"end":{"line":37,"column":134}},{"start":{"line":37,"column":138},"end":{"line":37,"column":140}}]},"12":{"loc":{"start":{"line":45,"column":2},"end":{"line":45,"column":40}},"type":"if","locations":[{"start":{"line":45,"column":2},"end":{"line":45,"column":40}}]},"13":{"loc":{"start":{"line":46,"column":2},"end":{"line":46,"column":37}},"type":"if","locations":[{"start":{"line":46,"column":2},"end":{"line":46,"column":37}}]},"14":{"loc":{"start":{"line":47,"column":2},"end":{"line":47,"column":39}},"type":"if","locations":[{"start":{"line":47,"column":2},"end":{"line":47,"column":39}}]}},"s":{"0":9,"1":9,"2":9,"3":9,"4":9,"5":9,"6":9,"7":3,"8":3,"9":3,"10":3,"11":4,"12":2,"13":0,"14":3,"15":3,"16":1,"17":1,"18":1,"19":1,"20":1,"21":1,"22":1,"23":2,"24":2,"25":0,"26":2,"27":1,"28":1,"29":1,"30":1,"31":1,"32":1,"33":1,"34":1,"35":2,"36":2,"37":1,"38":1,"39":1,"40":2,"41":2,"42":0,"43":0,"44":0,"45":0,"46":0},"f":{"0":3,"1":2,"2":0,"3":1,"4":1,"5":0,"6":1,"7":1,"8":1,"9":2,"10":2},"b":{"0":[4,0],"1":[2,2],"2":[4,4],"3":[4,4],"4":[4,4],"5":[4,0],"6":[4,1],"7":[2,2],"8":[2,2],"9":[2,2],"10":[2,0],"11":[2,2],"12":[2],"13":[0],"14":[0]}}
,"C:\\Users\\moham\\Desktop\\pal\\backend\\src\\lib\\jwt.ts": {"path":"C:\\Users\\moham\\Desktop\\pal\\backend\\src\\lib\\jwt.ts","statementMap":{"0":{"start":{"line":5,"column":0},"end":{"line":5,"column":16}},"1":{"start":{"line":9,"column":0},"end":{"line":9,"column":16}},"2":{"start":{"line":1,"column":0},"end":{"line":1,"column":31}},"3":{"start":{"line":3,"column":15},"end":{"line":3,"column":53}},"4":{"start":{"line":6,"column":2},"end":{"line":6,"column":67}},"5":{"start":{"line":10,"column":2},"end":{"line":10,"column":40}}},"fnMap":{"0":{"name":"sign","decl":{"start":{"line":5,"column":16},"end":{"line":5,"column":20}},"loc":{"start":{"line":5,"column":63},"end":{"line":7,"column":1}}},"1":{"name":"verify","decl":{"start":{"line":9,"column":16},"end":{"line":9,"column":22}},"loc":{"start":{"line":9,"column":45},"end":{"line":11,"column":1}}}},"branchMap":{"0":{"loc":{"start":{"line":3,"column":15},"end":{"line":3,"column":53}},"type":"binary-expr","locations":[{"start":{"line":3,"column":15},"end":{"line":3,"column":37}},{"start":{"line":3,"column":41},"end":{"line":3,"column":53}}]},"1":{"loc":{"start":{"line":6,"column":35},"end":{"line":6,"column":65}},"type":"binary-expr","locations":[{"start":{"line":6,"column":35},"end":{"line":6,"column":42}},{"start":{"line":6,"column":46},"end":{"line":6,"column":65}}]}},"s":{"0":9,"1":9,"2":9,"3":9,"4":8,"5":20},"f":{"0":8,"1":20},"b":{"0":[9,0],"1":[8,8]}}
,"C:\\Users\\moham\\Desktop\\pal\\backend\\src\\lib\\s3.ts": {"path":"C:\\Users\\moham\\Desktop\\pal\\backend\\src\\lib\\s3.ts","statementMap":{"0":{"start":{"line":9,"column":0},"end":{"line":9,"column":7}},"1":{"start":{"line":16,"column":0},"end":{"line":16,"column":7}},"2":{"start":{"line":1,"column":0},"end":{"line":1,"column":82}},"3":{"start":{"line":2,"column":0},"end":{"line":2,"column":61}},"4":{"start":{"line":4,"column":15},"end":{"line":4,"column":55}},"5":{"start":{"line":5,"column":15},"end":{"line":5,"column":46}},"6":{"start":{"line":7,"column":11},"end":{"line":7,"column":35}},"7":{"start":{"line":10,"column":2},"end":{"line":10,"column":59}},"8":{"start":{"line":10,"column":15},"end":{"line":10,"column":59}},"9":{"start":{"line":11,"column":14},"end":{"line":11,"column":90}},"10":{"start":{"line":12,"column":14},"end":{"line":12,"column":65}},"11":{"start":{"line":13,"column":2},"end":{"line":13,"column":13}},"12":{"start":{"line":17,"column":2},"end":{"line":17,"column":59}},"13":{"start":{"line":17,"column":15},"end":{"line":17,"column":59}},"14":{"start":{"line":18,"column":14},"end":{"line":18,"column":64}},"15":{"start":{"line":19,"column":14},"end":{"line":19,"column":65}},"16":{"start":{"line":20,"column":2},"end":{"line":20,"column":13}}},"fnMap":{"0":{"name":"getPresignedUploadUrl","decl":{"start":{"line":9,"column":22},"end":{"line":9,"column":43}},"loc":{"start":{"line":9,"column":97},"end":{"line":14,"column":1}}},"1":{"name":"getPresignedDownloadUrl","decl":{"start":{"line":16,"column":22},"end":{"line":16,"column":45}},"loc":{"start":{"line":16,"column":57},"end":{"line":21,"column":1}}}},"branchMap":{"0":{"loc":{"start":{"line":4,"column":15},"end":{"line":4,"column":55}},"type":"binary-expr","locations":[{"start":{"line":4,"column":15},"end":{"line":4,"column":40}},{"start":{"line":4,"column":44},"end":{"line":4,"column":55}}]},"1":{"loc":{"start":{"line":5,"column":15},"end":{"line":5,"column":46}},"type":"binary-expr","locations":[{"start":{"line":5,"column":15},"end":{"line":5,"column":40}},{"start":{"line":5,"column":44},"end":{"line":5,"column":46}}]},"2":{"loc":{"start":{"line":9,"column":57},"end":{"line":9,"column":97}},"type":"default-arg","locations":[{"start":{"line":9,"column":71},"end":{"line":9,"column":97}}]},"3":{"loc":{"start":{"line":10,"column":2},"end":{"line":10,"column":59}},"type":"if","locations":[{"start":{"line":10,"column":2},"end":{"line":10,"column":59}}]},"4":{"loc":{"start":{"line":17,"column":2},"end":{"line":17,"column":59}},"type":"if","locations":[{"start":{"line":17,"column":2},"end":{"line":17,"column":59}}]}},"s":{"0":10,"1":10,"2":10,"3":10,"4":10,"5":10,"6":10,"7":2,"8":1,"9":1,"10":1,"11":1,"12":2,"13":1,"14":1,"15":1,"16":1},"f":{"0":2,"1":2},"b":{"0":[10,10],"1":[10,9],"2":[1],"3":[1],"4":[1]}}
,"C:\\Users\\moham\\Desktop\\pal\\backend\\src\\lib\\storage.ts": {"path":"C:\\Users\\moham\\Desktop\\pal\\backend\\src\\lib\\storage.ts","statementMap":{"0":{"start":{"line":34,"column":0},"end":{"line":34,"column":7}},"1":{"start":{"line":63,"column":0},"end":{"line":63,"column":7}},"2":{"start":{"line":75,"column":0},"end":{"line":75,"column":7}},"3":{"start":{"line":1,"column":0},"end":{"line":1,"column":20}},"4":{"start":{"line":2,"column":0},"end":{"line":2,"column":24}},"5":{"start":{"line":3,"column":0},"end":{"line":3,"column":82}},"6":{"start":{"line":4,"column":0},"end":{"line":4,"column":61}},"7":{"start":{"line":6,"column":13},"end":{"line":6,"column":59}},"8":{"start":{"line":7,"column":16},"end":{"line":7,"column":69}},"9":{"start":{"line":8,"column":18},"end":{"line":8,"column":68}},"10":{"start":{"line":11,"column":2},"end":{"line":11,"column":62}},"11":{"start":{"line":11,"column":25},"end":{"line":11,"column":62}},"12":{"start":{"line":14,"column":11},"end":{"line":14,"column":100}},"13":{"start":{"line":17,"column":2},"end":{"line":17,"column":37}},"14":{"start":{"line":17,"column":25},"end":{"line":17,"column":37}},"15":{"start":{"line":18,"column":2},"end":{"line":26,"column":3}},"16":{"start":{"line":19,"column":16},"end":{"line":19,"column":84}},"17":{"start":{"line":20,"column":19},"end":{"line":20,"column":34}},"18":{"start":{"line":21,"column":29},"end":{"line":21,"column":31}},"19":{"start":{"line":22,"column":4},"end":{"line":22,"column":70}},"20":{"start":{"line":22,"column":38},"end":{"line":22,"column":70}},"21":{"start":{"line":23,"column":4},"end":{"line":23,"column":70}},"22":{"start":{"line":25,"column":4},"end":{"line":25,"column":16}},"23":{"start":{"line":30,"column":2},"end":{"line":30,"column":62}},"24":{"start":{"line":30,"column":25},"end":{"line":30,"column":62}},"25":{"start":{"line":31,"column":2},"end":{"line":31,"column":109}},"26":{"start":{"line":35,"column":2},"end":{"line":46,"column":3}},"27":{"start":{"line":36,"column":4},"end":{"line":36,"column":64}},"28":{"start":{"line":36,"column":20},"end":{"line":36,"column":64}},"29":{"start":{"line":37,"column":16},"end":{"line":37,"column":42}},"30":{"start":{"line":38,"column":4},"end":{"line":38,"column":41}},"31":{"start":{"line":40,"column":20},"end":{"line":40,"column":48}},"32":{"start":{"line":41,"column":21},"end":{"line":41,"column":54}},"33":{"start":{"line":42,"column":18},"end":{"line":42,"column":98}},"34":{"start":{"line":43,"column":4},"end":{"line":43,"column":28}},"35":{"start":{"line":44,"column":4},"end":{"line":44,"column":82}},"36":{"start":{"line":45,"column":4},"end":{"line":45,"column":17}},"37":{"start":{"line":48,"column":14},"end":{"line":48,"column":40}},"38":{"start":{"line":49,"column":2},"end":{"line":49,"column":17}},"39":{"start":{"line":50,"column":19},"end":{"line":50,"column":43}},"40":{"start":{"line":51,"column":2},"end":{"line":51,"column":48}},"41":{"start":{"line":52,"column":19},"end":{"line":52,"column":50}},"42":{"start":{"line":53,"column":20},"end":{"line":53,"column":22}},"43":{"start":{"line":54,"column":2},"end":{"line":56,"column":3}},"44":{"start":{"line":55,"column":4},"end":{"line":55,"column":109}},"45":{"start":{"line":55,"column":10},"end":{"line":55,"column":82}},"46":{"start":{"line":55,"column":97},"end":{"line":55,"column":107}},"47":{"start":{"line":57,"column":16},"end":{"line":57,"column":96}},"48":{"start":{"line":58,"column":2},"end":{"line":58,"column":22}},"49":{"start":{"line":59,"column":2},"end":{"line":59,"column":79}},"50":{"start":{"line":60,"column":2},"end":{"line":60,"column":15}},"51":{"start":{"line":64,"column":2},"end":{"line":68,"column":3}},"52":{"start":{"line":65,"column":20},"end":{"line":65,"column":48}},"53":{"start":{"line":66,"column":17},"end":{"line":66,"column":42}},"54":{"start":{"line":67,"column":4},"end":{"line":67,"column":43}},"55":{"start":{"line":69,"column":14},"end":{"line":69,"column":40}},"56":{"start":{"line":70,"column":19},"end":{"line":70,"column":50}},"57":{"start":{"line":71,"column":2},"end":{"line":71,"column":42}},"58":{"start":{"line":71,"column":32},"end":{"line":71,"column":42}},"59":{"start":{"line":72,"column":2},"end":{"line":72,"column":96}},"60":{"start":{"line":72,"column":8},"end":{"line":72,"column":69}},"61":{"start":{"line":72,"column":84},"end":{"line":72,"column":94}},"62":{"start":{"line":76,"column":2},"end":{"line":83,"column":3}},"63":{"start":{"line":77,"column":4},"end":{"line":77,"column":39}},"64":{"start":{"line":77,"column":27},"end":{"line":77,"column":39}},"65":{"start":{"line":78,"column":16},"end":{"line":78,"column":42}},"66":{"start":{"line":79,"column":4},"end":{"line":82,"column":34}},"67":{"start":{"line":80,"column":18},"end":{"line":80,"column":114}},"68":{"start":{"line":81,"column":6},"end":{"line":81,"column":17}},"69":{"start":{"line":82,"column":20},"end":{"line":82,"column":32}},"70":{"start":{"line":84,"column":19},"end":{"line":84,"column":55}},"71":{"start":{"line":85,"column":2},"end":{"line":85,"column":44}},"72":{"start":{"line":85,"column":32},"end":{"line":85,"column":44}},"73":{"start":{"line":86,"column":2},"end":{"line":86,"column":18}}},"fnMap":{"0":{"name":"ensureDir","decl":{"start":{"line":10,"column":9},"end":{"line":10,"column":18}},"loc":{"start":{"line":10,"column":28},"end":{"line":12,"column":1}}},"1":{"name":"readS3Json","decl":{"start":{"line":16,"column":15},"end":{"line":16,"column":25}},"loc":{"start":{"line":16,"column":37},"end":{"line":27,"column":1}}},"2":{"name":"writeS3","decl":{"start":{"line":29,"column":15},"end":{"line":29,"column":22}},"loc":{"start":{"line":29,"column":79},"end":{"line":32,"column":1}}},"3":{"name":"saveExport","decl":{"start":{"line":34,"column":22},"end":{"line":34,"column":32}},"loc":{"start":{"line":34,"column":102},"end":{"line":61,"column":1}}},"4":{"name":"listExports","decl":{"start":{"line":63,"column":22},"end":{"line":63,"column":33}},"loc":{"start":{"line":63,"column":51},"end":{"line":73,"column":1}}},"5":{"name":"getExportPath","decl":{"start":{"line":75,"column":22},"end":{"line":75,"column":35}},"loc":{"start":{"line":75,"column":71},"end":{"line":87,"column":1}}}},"branchMap":{"0":{"loc":{"start":{"line":7,"column":17},"end":{"line":7,"column":54}},"type":"binary-expr","locations":[{"start":{"line":7,"column":17},"end":{"line":7,"column":43}},{"start":{"line":7,"column":47},"end":{"line":7,"column":54}}]},"1":{"loc":{"start":{"line":8,"column":18},"end":{"line":8,"column":68}},"type":"binary-expr","locations":[{"start":{"line":8,"column":18},"end":{"line":8,"column":39}},{"start":{"line":8,"column":43},"end":{"line":8,"column":68}}]},"2":{"loc":{"start":{"line":11,"column":2},"end":{"line":11,"column":62}},"type":"if","locations":[{"start":{"line":11,"column":2},"end":{"line":11,"column":62}}]},"3":{"loc":{"start":{"line":14,"column":11},"end":{"line":14,"column":100}},"type":"cond-expr","locations":[{"start":{"line":14,"column":30},"end":{"line":14,"column":93}},{"start":{"line":14,"column":96},"end":{"line":14,"column":100}}]},"4":{"loc":{"start":{"line":14,"column":53},"end":{"line":14,"column":90}},"type":"binary-expr","locations":[{"start":{"line":14,"column":53},"end":{"line":14,"column":75}},{"start":{"line":14,"column":79},"end":{"line":14,"column":90}}]},"5":{"loc":{"start":{"line":17,"column":2},"end":{"line":17,"column":37}},"type":"if","locations":[{"start":{"line":17,"column":2},"end":{"line":17,"column":37}}]},"6":{"loc":{"start":{"line":17,"column":6},"end":{"line":17,"column":23}},"type":"binary-expr","locations":[{"start":{"line":17,"column":6},"end":{"line":17,"column":9}},{"start":{"line":17,"column":13},"end":{"line":17,"column":23}}]},"7":{"loc":{"start":{"line":23,"column":22},"end":{"line":23,"column":68}},"type":"binary-expr","locations":[{"start":{"line":23,"column":22},"end":{"line":23,"column":60}},{"start":{"line":23,"column":64},"end":{"line":23,"column":68}}]},"8":{"loc":{"start":{"line":30,"column":2},"end":{"line":30,"column":62}},"type":"if","locations":[{"start":{"line":30,"column":2},"end":{"line":30,"column":62}}]},"9":{"loc":{"start":{"line":30,"column":6},"end":{"line":30,"column":23}},"type":"binary-expr","locations":[{"start":{"line":30,"column":6},"end":{"line":30,"column":9}},{"start":{"line":30,"column":13},"end":{"line":30,"column":23}}]},"10":{"loc":{"start":{"line":35,"column":2},"end":{"line":46,"column":3}},"type":"if","locations":[{"start":{"line":35,"column":2},"end":{"line":46,"column":3}}]},"11":{"loc":{"start":{"line":36,"column":4},"end":{"line":36,"column":64}},"type":"if","locations":[{"start":{"line":36,"column":4},"end":{"line":36,"column":64}}]},"12":{"loc":{"start":{"line":41,"column":21},"end":{"line":41,"column":54}},"type":"binary-expr","locations":[{"start":{"line":41,"column":22},"end":{"line":41,"column":47}},{"start":{"line":41,"column":52},"end":{"line":41,"column":54}}]},"13":{"loc":{"start":{"line":54,"column":2},"end":{"line":56,"column":3}},"type":"if","locations":[{"start":{"line":54,"column":2},"end":{"line":56,"column":3}}]},"14":{"loc":{"start":{"line":55,"column":28},"end":{"line":55,"column":80}},"type":"binary-expr","locations":[{"start":{"line":55,"column":28},"end":{"line":55,"column":72}},{"start":{"line":55,"column":76},"end":{"line":55,"column":80}}]},"15":{"loc":{"start":{"line":64,"column":2},"end":{"line":68,"column":3}},"type":"if","locations":[{"start":{"line":64,"column":2},"end":{"line":68,"column":3}}]},"16":{"loc":{"start":{"line":67,"column":11},"end":{"line":67,"column":42}},"type":"cond-expr","locations":[{"start":{"line":67,"column":33},"end":{"line":67,"column":37}},{"start":{"line":67,"column":40},"end":{"line":67,"column":42}}]},"17":{"loc":{"start":{"line":71,"column":2},"end":{"line":71,"column":42}},"type":"if","locations":[{"start":{"line":71,"column":2},"end":{"line":71,"column":42}}]},"18":{"loc":{"start":{"line":72,"column":26},"end":{"line":72,"column":67}},"type":"binary-expr","locations":[{"start":{"line":72,"column":26},"end":{"line":72,"column":59}},{"start":{"line":72,"column":63},"end":{"line":72,"column":67}}]},"19":{"loc":{"start":{"line":76,"column":2},"end":{"line":83,"column":3}},"type":"if","locations":[{"start":{"line":76,"column":2},"end":{"line":83,"column":3}}]},"20":{"loc":{"start":{"line":77,"column":4},"end":{"line":77,"column":39}},"type":"if","locations":[{"start":{"line":77,"column":4},"end":{"line":77,"column":39}}]},"21":{"loc":{"start":{"line":77,"column":8},"end":{"line":77,"column":25}},"type":"binary-expr","locations":[{"start":{"line":77,"column":8},"end":{"line":77,"column":11}},{"start":{"line":77,"column":15},"end":{"line":77,"column":25}}]},"22":{"loc":{"start":{"line":85,"column":2},"end":{"line":85,"column":44}},"type":"if","locations":[{"start":{"line":85,"column":2},"end":{"line":85,"column":44}}]}},"s":{"0":10,"1":10,"2":10,"3":10,"4":10,"5":10,"6":10,"7":10,"8":10,"9":10,"10":1,"11":1,"12":10,"13":2,"14":0,"15":2,"16":2,"17":1,"18":1,"19":1,"20":1,"21":1,"22":1,"23":2,"24":0,"25":2,"26":2,"27":1,"28":0,"29":1,"30":1,"31":1,"32":1,"33":1,"34":1,"35":1,"36":1,"37":1,"38":1,"39":1,"40":1,"41":1,"42":1,"43":1,"44":0,"45":0,"46":0,"47":1,"48":1,"49":1,"50":1,"51":2,"52":1,"53":1,"54":1,"55":1,"56":1,"57":1,"58":0,"59":1,"60":1,"61":0,"62":1,"63":1,"64":0,"65":1,"66":1,"67":1,"68":1,"69":0,"70":0,"71":0,"72":0,"73":0},"f":{"0":1,"1":2,"2":2,"3":2,"4":2,"5":1},"b":{"0":[10,9],"1":[10,9],"2":[1],"3":[1,9],"4":[1,1],"5":[0],"6":[2,2],"7":[1,0],"8":[0],"9":[2,2],"10":[1],"11":[0],"12":[1,1],"13":[0],"14":[0,0],"15":[1],"16":[1,0],"17":[0],"18":[1,0],"19":[1],"20":[0],"21":[1,1],"22":[0]}}
,"C:\\Users\\moham\\Desktop\\pal\\backend\\src\\middleware\\audit.ts": {"path":"C:\\Users\\moham\\Desktop\\pal\\backend\\src\\middleware\\audit.ts","statementMap":{"0":{"start":{"line":4,"column":0},"end":{"line":4,"column":7}},"1":{"start":{"line":12,"column":0},"end":{"line":12,"column":16}},"2":{"start":{"line":2,"column":0},"end":{"line":2,"column":31}},"3":{"start":{"line":5,"column":2},"end":{"line":9,"column":3}},"4":{"start":{"line":6,"column":4},"end":{"line":6,"column":124}},"5":{"start":{"line":8,"column":4},"end":{"line":8,"column":52}},"6":{"start":{"line":13,"column":2},"end":{"line":26,"column":4}},"7":{"start":{"line":15,"column":4},"end":{"line":25,"column":5}},"8":{"start":{"line":16,"column":6},"end":{"line":16,"column":19}},"9":{"start":{"line":18,"column":6},"end":{"line":24,"column":7}},"10":{"start":{"line":19,"column":23},"end":{"line":19,"column":56}},"11":{"start":{"line":20,"column":26},"end":{"line":20,"column":87}},"12":{"start":{"line":21,"column":8},"end":{"line":21,"column":70}},"13":{"start":{"line":23,"column":8},"end":{"line":23,"column":55}}},"fnMap":{"0":{"name":"logAudit","decl":{"start":{"line":4,"column":22},"end":{"line":4,"column":30}},"loc":{"start":{"line":4,"column":108},"end":{"line":10,"column":1}}},"1":{"name":"audit","decl":{"start":{"line":12,"column":16},"end":{"line":12,"column":21}},"loc":{"start":{"line":12,"column":52},"end":{"line":27,"column":1}}},"2":{"name":"(anonymous_3)","decl":{"start":{"line":13,"column":9},"end":{"line":13,"column":14}},"loc":{"start":{"line":13,"column":67},"end":{"line":26,"column":3}}}},"branchMap":{"0":{"loc":{"start":{"line":6,"column":84},"end":{"line":6,"column":118}},"type":"cond-expr","locations":[{"start":{"line":6,"column":91},"end":{"line":6,"column":111}},{"start":{"line":6,"column":114},"end":{"line":6,"column":118}}]},"1":{"loc":{"start":{"line":19,"column":23},"end":{"line":19,"column":56}},"type":"binary-expr","locations":[{"start":{"line":19,"column":23},"end":{"line":19,"column":44}},{"start":{"line":19,"column":48},"end":{"line":19,"column":56}}]},"2":{"loc":{"start":{"line":20,"column":26},"end":{"line":20,"column":87}},"type":"binary-expr","locations":[{"start":{"line":20,"column":26},"end":{"line":20,"column":48}},{"start":{"line":20,"column":53},"end":{"line":20,"column":81}},{"start":{"line":20,"column":85},"end":{"line":20,"column":87}}]}},"s":{"0":9,"1":9,"2":9,"3":2,"4":2,"5":0,"6":36,"7":2,"8":2,"9":2,"10":2,"11":2,"12":2,"13":0},"f":{"0":2,"1":36,"2":2},"b":{"0":[2,0],"1":[2,0],"2":[2,2,2]}}
,"C:\\Users\\moham\\Desktop\\pal\\backend\\src\\middleware\\auth.ts": {"path":"C:\\Users\\moham\\Desktop\\pal\\backend\\src\\middleware\\auth.ts","statementMap":{"0":{"start":{"line":8,"column":0},"end":{"line":8,"column":16}},"1":{"start":{"line":22,"column":0},"end":{"line":22,"column":16}},"2":{"start":{"line":2,"column":0},"end":{"line":2,"column":36}},"3":{"start":{"line":9,"column":15},"end":{"line":9,"column":40}},"4":{"start":{"line":10,"column":2},"end":{"line":10,"column":109}},"5":{"start":{"line":10,"column":44},"end":{"line":10,"column":109}},"6":{"start":{"line":11,"column":16},"end":{"line":11,"column":29}},"7":{"start":{"line":12,"column":2},"end":{"line":19,"column":3}},"8":{"start":{"line":13,"column":20},"end":{"line":13,"column":33}},"9":{"start":{"line":15,"column":4},"end":{"line":15,"column":65}},"10":{"start":{"line":16,"column":4},"end":{"line":16,"column":11}},"11":{"start":{"line":18,"column":4},"end":{"line":18,"column":60}},"12":{"start":{"line":23,"column":2},"end":{"line":28,"column":4}},"13":{"start":{"line":24,"column":17},"end":{"line":24,"column":32}},"14":{"start":{"line":25,"column":4},"end":{"line":25,"column":80}},"15":{"start":{"line":25,"column":15},"end":{"line":25,"column":80}},"16":{"start":{"line":26,"column":4},"end":{"line":26,"column":103}},"17":{"start":{"line":26,"column":36},"end":{"line":26,"column":103}},"18":{"start":{"line":27,"column":4},"end":{"line":27,"column":11}}},"fnMap":{"0":{"name":"requireAuth","decl":{"start":{"line":8,"column":16},"end":{"line":8,"column":27}},"loc":{"start":{"line":8,"column":79},"end":{"line":20,"column":1}}},"1":{"name":"requireRole","decl":{"start":{"line":22,"column":16},"end":{"line":22,"column":27}},"loc":{"start":{"line":22,"column":46},"end":{"line":29,"column":1}}},"2":{"name":"(anonymous_2)","decl":{"start":{"line":23,"column":9},"end":{"line":23,"column":10}},"loc":{"start":{"line":23,"column":65},"end":{"line":28,"column":3}}}},"branchMap":{"0":{"loc":{"start":{"line":10,"column":2},"end":{"line":10,"column":109}},"type":"if","locations":[{"start":{"line":10,"column":2},"end":{"line":10,"column":109}}]},"1":{"loc":{"start":{"line":10,"column":6},"end":{"line":10,"column":42}},"type":"binary-expr","locations":[{"start":{"line":10,"column":6},"end":{"line":10,"column":11}},{"start":{"line":10,"column":15},"end":{"line":10,"column":42}}]},"2":{"loc":{"start":{"line":25,"column":4},"end":{"line":25,"column":80}},"type":"if","locations":[{"start":{"line":25,"column":4},"end":{"line":25,"column":80}}]},"3":{"loc":{"start":{"line":26,"column":4},"end":{"line":26,"column":103}},"type":"if","locations":[{"start":{"line":26,"column":4},"end":{"line":26,"column":103}}]}},"s":{"0":9,"1":9,"2":9,"3":20,"4":20,"5":0,"6":20,"7":20,"8":20,"9":20,"10":20,"11":0,"12":108,"13":8,"14":8,"15":0,"16":8,"17":0,"18":8},"f":{"0":20,"1":108,"2":8},"b":{"0":[0],"1":[20,20],"2":[0],"3":[0]}}
,"C:\\Users\\moham\\Desktop\\pal\\backend\\src\\routes\\admin.ts": {"path":"C:\\Users\\moham\\Desktop\\pal\\backend\\src\\routes\\admin.ts","statementMap":{"0":{"start":{"line":1,"column":0},"end":{"line":1,"column":33}},"1":{"start":{"line":2,"column":0},"end":{"line":2,"column":31}},"2":{"start":{"line":3,"column":0},"end":{"line":3,"column":62}},"3":{"start":{"line":4,"column":0},"end":{"line":4,"column":74}},"4":{"start":{"line":6,"column":15},"end":{"line":6,"column":23}},"5":{"start":{"line":10,"column":14},"end":{"line":10,"column":24}},"6":{"start":{"line":11,"column":2},"end":{"line":11,"column":77}},"7":{"start":{"line":11,"column":58},"end":{"line":11,"column":77}},"8":{"start":{"line":12,"column":2},"end":{"line":12,"column":83}},"9":{"start":{"line":12,"column":62},"end":{"line":12,"column":83}},"10":{"start":{"line":13,"column":2},"end":{"line":13,"column":23}},"11":{"start":{"line":17,"column":0},"end":{"line":40,"column":3}},"12":{"start":{"line":18,"column":19},"end":{"line":18,"column":78}},"13":{"start":{"line":19,"column":16},"end":{"line":19,"column":31}},"14":{"start":{"line":21,"column":41},"end":{"line":21,"column":43}},"15":{"start":{"line":22,"column":41},"end":{"line":22,"column":43}},"16":{"start":{"line":23,"column":43},"end":{"line":23,"column":91}},"17":{"start":{"line":25,"column":2},"end":{"line":33,"column":3}},"18":{"start":{"line":26,"column":15},"end":{"line":26,"column":61}},"19":{"start":{"line":27,"column":4},"end":{"line":27,"column":39}},"20":{"start":{"line":28,"column":15},"end":{"line":28,"column":31}},"21":{"start":{"line":29,"column":4},"end":{"line":29,"column":43}},"22":{"start":{"line":30,"column":4},"end":{"line":32,"column":5}},"23":{"start":{"line":31,"column":6},"end":{"line":31,"column":45}},"24":{"start":{"line":36,"column":16},"end":{"line":36,"column":90}},"25":{"start":{"line":37,"column":22},"end":{"line":37,"column":98}},"26":{"start":{"line":37,"column":38},"end":{"line":37,"column":96}},"27":{"start":{"line":39,"column":2},"end":{"line":39,"column":61}},"28":{"start":{"line":43,"column":0},"end":{"line":92,"column":3}},"29":{"start":{"line":44,"column":15},"end":{"line":44,"column":55}},"30":{"start":{"line":45,"column":18},"end":{"line":45,"column":64}},"31":{"start":{"line":46,"column":74},"end":{"line":46,"column":90}},"32":{"start":{"line":48,"column":19},"end":{"line":48,"column":21}},"33":{"start":{"line":49,"column":2},"end":{"line":49,"column":78}},"34":{"start":{"line":49,"column":14},"end":{"line":49,"column":78}},"35":{"start":{"line":50,"column":2},"end":{"line":53,"column":3}},"36":{"start":{"line":51,"column":17},"end":{"line":51,"column":35}},"37":{"start":{"line":52,"column":4},"end":{"line":52,"column":82}},"38":{"start":{"line":54,"column":2},"end":{"line":56,"column":3}},"39":{"start":{"line":55,"column":4},"end":{"line":55,"column":55}},"40":{"start":{"line":60,"column":36},"end":{"line":60,"column":96}},"41":{"start":{"line":62,"column":2},"end":{"line":84,"column":3}},"42":{"start":{"line":63,"column":16},"end":{"line":63,"column":108}},"43":{"start":{"line":64,"column":15},"end":{"line":64,"column":334}},"44":{"start":{"line":64,"column":29},"end":{"line":64,"column":332}},"45":{"start":{"line":64,"column":85},"end":{"line":64,"column":102}},"46":{"start":{"line":64,"column":271},"end":{"line":64,"column":290}},"47":{"start":{"line":66,"column":4},"end":{"line":68,"column":5}},"48":{"start":{"line":67,"column":6},"end":{"line":67,"column":71}},"49":{"start":{"line":67,"column":36},"end":{"line":67,"column":69}},"50":{"start":{"line":71,"column":4},"end":{"line":79,"column":5}},"51":{"start":{"line":72,"column":18},"end":{"line":72,"column":43}},"52":{"start":{"line":73,"column":6},"end":{"line":78,"column":9}},"53":{"start":{"line":74,"column":8},"end":{"line":74,"column":103}},"54":{"start":{"line":74,"column":40},"end":{"line":74,"column":103}},"55":{"start":{"line":75,"column":8},"end":{"line":75,"column":76}},"56":{"start":{"line":75,"column":32},"end":{"line":75,"column":76}},"57":{"start":{"line":76,"column":8},"end":{"line":76,"column":62}},"58":{"start":{"line":76,"column":31},"end":{"line":76,"column":62}},"59":{"start":{"line":77,"column":8},"end":{"line":77,"column":17}},"60":{"start":{"line":81,"column":18},"end":{"line":81,"column":29}},"61":{"start":{"line":82,"column":18},"end":{"line":82,"column":82}},"62":{"start":{"line":83,"column":4},"end":{"line":83,"column":59}},"63":{"start":{"line":87,"column":19},"end":{"line":87,"column":239}},"64":{"start":{"line":88,"column":16},"end":{"line":88,"column":53}},"65":{"start":{"line":90,"column":15},"end":{"line":90,"column":339}},"66":{"start":{"line":90,"column":34},"end":{"line":90,"column":337}},"67":{"start":{"line":90,"column":90},"end":{"line":90,"column":107}},"68":{"start":{"line":90,"column":276},"end":{"line":90,"column":295}},"69":{"start":{"line":91,"column":2},"end":{"line":91,"column":43}},"70":{"start":{"line":97,"column":0},"end":{"line":132,"column":3}},"71":{"start":{"line":98,"column":53},"end":{"line":98,"column":69}},"72":{"start":{"line":99,"column":21},"end":{"line":99,"column":23}},"73":{"start":{"line":100,"column":2},"end":{"line":103,"column":3}},"74":{"start":{"line":101,"column":14},"end":{"line":101,"column":26}},"75":{"start":{"line":102,"column":4},"end":{"line":102,"column":72}},"76":{"start":{"line":104,"column":2},"end":{"line":104,"column":61}},"77":{"start":{"line":104,"column":14},"end":{"line":104,"column":61}},"78":{"start":{"line":105,"column":17},"end":{"line":105,"column":109}},"79":{"start":{"line":106,"column":2},"end":{"line":108,"column":3}},"80":{"start":{"line":107,"column":4},"end":{"line":107,"column":73}},"81":{"start":{"line":107,"column":36},"end":{"line":107,"column":71}},"82":{"start":{"line":110,"column":2},"end":{"line":115,"column":3}},"83":{"start":{"line":111,"column":16},"end":{"line":111,"column":45}},"84":{"start":{"line":112,"column":4},"end":{"line":112,"column":103}},"85":{"start":{"line":113,"column":4},"end":{"line":113,"column":81}},"86":{"start":{"line":114,"column":4},"end":{"line":114,"column":38}},"87":{"start":{"line":117,"column":2},"end":{"line":122,"column":3}},"88":{"start":{"line":118,"column":16},"end":{"line":118,"column":43}},"89":{"start":{"line":119,"column":4},"end":{"line":119,"column":53}},"90":{"start":{"line":120,"column":4},"end":{"line":120,"column":80}},"91":{"start":{"line":121,"column":4},"end":{"line":121,"column":25}},"92":{"start":{"line":124,"column":2},"end":{"line":129,"column":3}},"93":{"start":{"line":125,"column":16},"end":{"line":125,"column":44}},"94":{"start":{"line":126,"column":4},"end":{"line":126,"column":109}},"95":{"start":{"line":127,"column":4},"end":{"line":127,"column":81}},"96":{"start":{"line":128,"column":4},"end":{"line":128,"column":38}},"97":{"start":{"line":131,"column":2},"end":{"line":131,"column":56}},"98":{"start":{"line":134,"column":0},"end":{"line":134,"column":22}},"99":{"start":{"line":137,"column":0},"end":{"line":158,"column":3}},"100":{"start":{"line":138,"column":19},"end":{"line":138,"column":115}},"101":{"start":{"line":139,"column":16},"end":{"line":139,"column":31}},"102":{"start":{"line":140,"column":41},"end":{"line":140,"column":43}},"103":{"start":{"line":141,"column":41},"end":{"line":141,"column":43}},"104":{"start":{"line":142,"column":43},"end":{"line":142,"column":91}},"105":{"start":{"line":143,"column":2},"end":{"line":151,"column":3}},"106":{"start":{"line":144,"column":15},"end":{"line":144,"column":61}},"107":{"start":{"line":145,"column":4},"end":{"line":145,"column":39}},"108":{"start":{"line":146,"column":15},"end":{"line":146,"column":31}},"109":{"start":{"line":147,"column":4},"end":{"line":147,"column":43}},"110":{"start":{"line":148,"column":4},"end":{"line":150,"column":5}},"111":{"start":{"line":149,"column":6},"end":{"line":149,"column":45}},"112":{"start":{"line":152,"column":16},"end":{"line":152,"column":137}},"113":{"start":{"line":153,"column":22},"end":{"line":153,"column":98}},"114":{"start":{"line":153,"column":38},"end":{"line":153,"column":96}},"115":{"start":{"line":155,"column":15},"end":{"line":155,"column":272}},"116":{"start":{"line":155,"column":34},"end":{"line":155,"column":270}},"117":{"start":{"line":155,"column":90},"end":{"line":155,"column":107}},"118":{"start":{"line":157,"column":2},"end":{"line":157,"column":79}}},"fnMap":{"0":{"name":"projectStatus","decl":{"start":{"line":9,"column":9},"end":{"line":9,"column":22}},"loc":{"start":{"line":9,"column":35},"end":{"line":14,"column":1}}},"1":{"name":"(anonymous_2)","decl":{"start":{"line":17,"column":112},"end":{"line":17,"column":117}},"loc":{"start":{"line":17,"column":132},"end":{"line":40,"column":1}}},"2":{"name":"(anonymous_3)","decl":{"start":{"line":37,"column":32},"end":{"line":37,"column":33}},"loc":{"start":{"line":37,"column":38},"end":{"line":37,"column":96}}},"3":{"name":"(anonymous_4)","decl":{"start":{"line":43,"column":115},"end":{"line":43,"column":120}},"loc":{"start":{"line":43,"column":134},"end":{"line":92,"column":1}}},"4":{"name":"(anonymous_5)","decl":{"start":{"line":64,"column":23},"end":{"line":64,"column":24}},"loc":{"start":{"line":64,"column":29},"end":{"line":64,"column":332}}},"5":{"name":"(anonymous_6)","decl":{"start":{"line":64,"column":76},"end":{"line":64,"column":77}},"loc":{"start":{"line":64,"column":85},"end":{"line":64,"column":102}}},"6":{"name":"(anonymous_7)","decl":{"start":{"line":64,"column":262},"end":{"line":64,"column":263}},"loc":{"start":{"line":64,"column":271},"end":{"line":64,"column":290}}},"7":{"name":"(anonymous_8)","decl":{"start":{"line":67,"column":25},"end":{"line":67,"column":26}},"loc":{"start":{"line":67,"column":36},"end":{"line":67,"column":69}}},"8":{"name":"(anonymous_9)","decl":{"start":{"line":73,"column":16},"end":{"line":73,"column":17}},"loc":{"start":{"line":73,"column":32},"end":{"line":78,"column":7}}},"9":{"name":"(anonymous_10)","decl":{"start":{"line":90,"column":28},"end":{"line":90,"column":29}},"loc":{"start":{"line":90,"column":34},"end":{"line":90,"column":337}}},"10":{"name":"(anonymous_11)","decl":{"start":{"line":90,"column":81},"end":{"line":90,"column":82}},"loc":{"start":{"line":90,"column":90},"end":{"line":90,"column":107}}},"11":{"name":"(anonymous_12)","decl":{"start":{"line":90,"column":267},"end":{"line":90,"column":268}},"loc":{"start":{"line":90,"column":276},"end":{"line":90,"column":295}}},"12":{"name":"(anonymous_13)","decl":{"start":{"line":97,"column":112},"end":{"line":97,"column":117}},"loc":{"start":{"line":97,"column":131},"end":{"line":132,"column":1}}},"13":{"name":"(anonymous_14)","decl":{"start":{"line":107,"column":31},"end":{"line":107,"column":32}},"loc":{"start":{"line":107,"column":36},"end":{"line":107,"column":71}}},"14":{"name":"(anonymous_15)","decl":{"start":{"line":137,"column":23},"end":{"line":137,"column":28}},"loc":{"start":{"line":137,"column":43},"end":{"line":158,"column":1}}},"15":{"name":"(anonymous_16)","decl":{"start":{"line":153,"column":32},"end":{"line":153,"column":33}},"loc":{"start":{"line":153,"column":38},"end":{"line":153,"column":96}}},"16":{"name":"(anonymous_17)","decl":{"start":{"line":155,"column":28},"end":{"line":155,"column":29}},"loc":{"start":{"line":155,"column":34},"end":{"line":155,"column":270}}},"17":{"name":"(anonymous_18)","decl":{"start":{"line":155,"column":81},"end":{"line":155,"column":82}},"loc":{"start":{"line":155,"column":90},"end":{"line":155,"column":107}}}},"branchMap":{"0":{"loc":{"start":{"line":11,"column":2},"end":{"line":11,"column":77}},"type":"if","locations":[{"start":{"line":11,"column":2},"end":{"line":11,"column":77}}]},"1":{"loc":{"start":{"line":11,"column":6},"end":{"line":11,"column":56}},"type":"binary-expr","locations":[{"start":{"line":11,"column":6},"end":{"line":11,"column":21}},{"start":{"line":11,"column":25},"end":{"line":11,"column":56}}]},"2":{"loc":{"start":{"line":12,"column":2},"end":{"line":12,"column":83}},"type":"if","locations":[{"start":{"line":12,"column":2},"end":{"line":12,"column":83}}]},"3":{"loc":{"start":{"line":12,"column":6},"end":{"line":12,"column":60}},"type":"binary-expr","locations":[{"start":{"line":12,"column":6},"end":{"line":12,"column":23}},{"start":{"line":12,"column":27},"end":{"line":12,"column":60}}]},"4":{"loc":{"start":{"line":27,"column":18},"end":{"line":27,"column":33}},"type":"binary-expr","locations":[{"start":{"line":27,"column":18},"end":{"line":27,"column":28}},{"start":{"line":27,"column":32},"end":{"line":27,"column":33}}]},"5":{"loc":{"start":{"line":29,"column":20},"end":{"line":29,"column":37}},"type":"binary-expr","locations":[{"start":{"line":29,"column":20},"end":{"line":29,"column":32}},{"start":{"line":29,"column":36},"end":{"line":29,"column":37}}]},"6":{"loc":{"start":{"line":31,"column":22},"end":{"line":31,"column":39}},"type":"binary-expr","locations":[{"start":{"line":31,"column":22},"end":{"line":31,"column":34}},{"start":{"line":31,"column":38},"end":{"line":31,"column":39}}]},"7":{"loc":{"start":{"line":37,"column":56},"end":{"line":37,"column":73}},"type":"binary-expr","locations":[{"start":{"line":37,"column":56},"end":{"line":37,"column":62}},{"start":{"line":37,"column":66},"end":{"line":37,"column":73}}]},"8":{"loc":{"start":{"line":44,"column":27},"end":{"line":44,"column":54}},"type":"binary-expr","locations":[{"start":{"line":44,"column":27},"end":{"line":44,"column":49}},{"start":{"line":44,"column":53},"end":{"line":44,"column":54}}]},"9":{"loc":{"start":{"line":45,"column":32},"end":{"line":45,"column":63}},"type":"binary-expr","locations":[{"start":{"line":45,"column":32},"end":{"line":45,"column":57}},{"start":{"line":45,"column":61},"end":{"line":45,"column":63}}]},"10":{"loc":{"start":{"line":49,"column":2},"end":{"line":49,"column":78}},"type":"if","locations":[{"start":{"line":49,"column":2},"end":{"line":49,"column":78}}]},"11":{"loc":{"start":{"line":50,"column":2},"end":{"line":53,"column":3}},"type":"if","locations":[{"start":{"line":50,"column":2},"end":{"line":53,"column":3}}]},"12":{"loc":{"start":{"line":54,"column":2},"end":{"line":56,"column":3}},"type":"if","locations":[{"start":{"line":54,"column":2},"end":{"line":56,"column":3}}]},"13":{"loc":{"start":{"line":60,"column":36},"end":{"line":60,"column":96}},"type":"binary-expr","locations":[{"start":{"line":60,"column":36},"end":{"line":60,"column":50}},{"start":{"line":60,"column":54},"end":{"line":60,"column":96}}]},"14":{"loc":{"start":{"line":62,"column":2},"end":{"line":84,"column":3}},"type":"if","locations":[{"start":{"line":62,"column":2},"end":{"line":84,"column":3}}]},"15":{"loc":{"start":{"line":64,"column":85},"end":{"line":64,"column":102}},"type":"binary-expr","locations":[{"start":{"line":64,"column":85},"end":{"line":64,"column":91}},{"start":{"line":64,"column":95},"end":{"line":64,"column":102}}]},"16":{"loc":{"start":{"line":64,"column":156},"end":{"line":64,"column":172}},"type":"binary-expr","locations":[{"start":{"line":64,"column":156},"end":{"line":64,"column":164}},{"start":{"line":64,"column":168},"end":{"line":64,"column":172}}]},"17":{"loc":{"start":{"line":64,"column":305},"end":{"line":64,"column":330}},"type":"cond-expr","locations":[{"start":{"line":64,"column":313},"end":{"line":64,"column":323}},{"start":{"line":64,"column":326},"end":{"line":64,"column":330}}]},"18":{"loc":{"start":{"line":66,"column":4},"end":{"line":68,"column":5}},"type":"if","locations":[{"start":{"line":66,"column":4},"end":{"line":68,"column":5}}]},"19":{"loc":{"start":{"line":71,"column":4},"end":{"line":79,"column":5}},"type":"if","locations":[{"start":{"line":71,"column":4},"end":{"line":79,"column":5}}]},"20":{"loc":{"start":{"line":72,"column":18},"end":{"line":72,"column":43}},"type":"cond-expr","locations":[{"start":{"line":72,"column":37},"end":{"line":72,"column":39}},{"start":{"line":72,"column":42},"end":{"line":72,"column":43}}]},"21":{"loc":{"start":{"line":74,"column":8},"end":{"line":74,"column":103}},"type":"if","locations":[{"start":{"line":74,"column":8},"end":{"line":74,"column":103}}]},"22":{"loc":{"start":{"line":74,"column":55},"end":{"line":74,"column":75}},"type":"binary-expr","locations":[{"start":{"line":74,"column":55},"end":{"line":74,"column":70}},{"start":{"line":74,"column":74},"end":{"line":74,"column":75}}]},"23":{"loc":{"start":{"line":74,"column":80},"end":{"line":74,"column":100}},"type":"binary-expr","locations":[{"start":{"line":74,"column":80},"end":{"line":74,"column":95}},{"start":{"line":74,"column":99},"end":{"line":74,"column":100}}]},"24":{"loc":{"start":{"line":75,"column":8},"end":{"line":75,"column":76}},"type":"if","locations":[{"start":{"line":75,"column":8},"end":{"line":75,"column":76}}]},"25":{"loc":{"start":{"line":76,"column":8},"end":{"line":76,"column":62}},"type":"if","locations":[{"start":{"line":76,"column":8},"end":{"line":76,"column":62}}]},"26":{"loc":{"start":{"line":87,"column":119},"end":{"line":87,"column":195}},"type":"cond-expr","locations":[{"start":{"line":87,"column":128},"end":{"line":87,"column":183}},{"start":{"line":87,"column":186},"end":{"line":87,"column":195}}]},"27":{"loc":{"start":{"line":87,"column":148},"end":{"line":87,"column":181}},"type":"cond-expr","locations":[{"start":{"line":87,"column":167},"end":{"line":87,"column":173}},{"start":{"line":87,"column":176},"end":{"line":87,"column":181}}]},"28":{"loc":{"start":{"line":90,"column":90},"end":{"line":90,"column":107}},"type":"binary-expr","locations":[{"start":{"line":90,"column":90},"end":{"line":90,"column":96}},{"start":{"line":90,"column":100},"end":{"line":90,"column":107}}]},"29":{"loc":{"start":{"line":90,"column":161},"end":{"line":90,"column":177}},"type":"binary-expr","locations":[{"start":{"line":90,"column":161},"end":{"line":90,"column":169}},{"start":{"line":90,"column":173},"end":{"line":90,"column":177}}]},"30":{"loc":{"start":{"line":90,"column":310},"end":{"line":90,"column":335}},"type":"cond-expr","locations":[{"start":{"line":90,"column":318},"end":{"line":90,"column":328}},{"start":{"line":90,"column":331},"end":{"line":90,"column":335}}]},"31":{"loc":{"start":{"line":98,"column":10},"end":{"line":98,"column":26}},"type":"default-arg","locations":[{"start":{"line":98,"column":19},"end":{"line":98,"column":26}}]},"32":{"loc":{"start":{"line":100,"column":2},"end":{"line":103,"column":3}},"type":"if","locations":[{"start":{"line":100,"column":2},"end":{"line":103,"column":3}}]},"33":{"loc":{"start":{"line":104,"column":2},"end":{"line":104,"column":61}},"type":"if","locations":[{"start":{"line":104,"column":2},"end":{"line":104,"column":61}}]},"34":{"loc":{"start":{"line":106,"column":2},"end":{"line":108,"column":3}},"type":"if","locations":[{"start":{"line":106,"column":2},"end":{"line":108,"column":3}}]},"35":{"loc":{"start":{"line":110,"column":2},"end":{"line":115,"column":3}},"type":"if","locations":[{"start":{"line":110,"column":2},"end":{"line":115,"column":3}}]},"36":{"loc":{"start":{"line":117,"column":2},"end":{"line":122,"column":3}},"type":"if","locations":[{"start":{"line":117,"column":2},"end":{"line":122,"column":3}}]},"37":{"loc":{"start":{"line":124,"column":2},"end":{"line":129,"column":3}},"type":"if","locations":[{"start":{"line":124,"column":2},"end":{"line":129,"column":3}}]},"38":{"loc":{"start":{"line":145,"column":18},"end":{"line":145,"column":33}},"type":"binary-expr","locations":[{"start":{"line":145,"column":18},"end":{"line":145,"column":28}},{"start":{"line":145,"column":32},"end":{"line":145,"column":33}}]},"39":{"loc":{"start":{"line":147,"column":20},"end":{"line":147,"column":37}},"type":"binary-expr","locations":[{"start":{"line":147,"column":20},"end":{"line":147,"column":32}},{"start":{"line":147,"column":36},"end":{"line":147,"column":37}}]},"40":{"loc":{"start":{"line":149,"column":22},"end":{"line":149,"column":39}},"type":"binary-expr","locations":[{"start":{"line":149,"column":22},"end":{"line":149,"column":34}},{"start":{"line":149,"column":38},"end":{"line":149,"column":39}}]},"41":{"loc":{"start":{"line":153,"column":56},"end":{"line":153,"column":73}},"type":"binary-expr","locations":[{"start":{"line":153,"column":56},"end":{"line":153,"column":62}},{"start":{"line":153,"column":66},"end":{"line":153,"column":73}}]},"42":{"loc":{"start":{"line":155,"column":90},"end":{"line":155,"column":107}},"type":"binary-expr","locations":[{"start":{"line":155,"column":90},"end":{"line":155,"column":96}},{"start":{"line":155,"column":100},"end":{"line":155,"column":107}}]},"43":{"loc":{"start":{"line":155,"column":161},"end":{"line":155,"column":177}},"type":"binary-expr","locations":[{"start":{"line":155,"column":161},"end":{"line":155,"column":169}},{"start":{"line":155,"column":173},"end":{"line":155,"column":177}}]},"44":{"loc":{"start":{"line":155,"column":243},"end":{"line":155,"column":268}},"type":"cond-expr","locations":[{"start":{"line":155,"column":251},"end":{"line":155,"column":261}},{"start":{"line":155,"column":264},"end":{"line":155,"column":268}}]}},"s":{"0":9,"1":9,"2":9,"3":9,"4":9,"5":28,"6":28,"7":18,"8":10,"9":0,"10":10,"11":9,"12":1,"13":1,"14":1,"15":1,"16":1,"17":1,"18":4,"19":4,"20":4,"21":4,"22":4,"23":1,"24":1,"25":1,"26":1,"27":1,"28":9,"29":1,"30":1,"31":1,"32":1,"33":1,"34":0,"35":1,"36":0,"37":0,"38":1,"39":0,"40":1,"41":1,"42":1,"43":1,"44":6,"45":1,"46":3,"47":1,"48":1,"49":6,"50":1,"51":1,"52":1,"53":1,"54":1,"55":0,"56":0,"57":0,"58":0,"59":0,"60":1,"61":1,"62":1,"63":0,"64":0,"65":0,"66":0,"67":0,"68":0,"69":0,"70":9,"71":3,"72":3,"73":3,"74":0,"75":0,"76":3,"77":0,"78":3,"79":3,"80":3,"81":18,"82":3,"83":1,"84":1,"85":1,"86":1,"87":2,"88":1,"89":1,"90":1,"91":1,"92":1,"93":1,"94":1,"95":1,"96":1,"97":0,"98":9,"99":9,"100":0,"101":0,"102":0,"103":0,"104":0,"105":0,"106":0,"107":0,"108":0,"109":0,"110":0,"111":0,"112":0,"113":0,"114":0,"115":0,"116":0,"117":0,"118":0},"f":{"0":28,"1":1,"2":1,"3":1,"4":6,"5":1,"6":3,"7":6,"8":1,"9":0,"10":0,"11":0,"12":3,"13":18,"14":0,"15":0,"16":0,"17":0},"b":{"0":[18],"1":[28,28],"2":[0],"3":[10,10],"4":[4,2],"5":[4,2],"6":[1,1],"7":[1,1],"8":[1,1],"9":[1,0],"10":[0],"11":[0],"12":[0],"13":[1,0],"14":[1],"15":[1,1],"16":[6,6],"17":[5,1],"18":[1],"19":[1],"20":[1,0],"21":[1],"22":[1,1],"23":[1,1],"24":[0],"25":[0],"26":[0,0],"27":[0,0],"28":[0,0],"29":[0,0],"30":[0,0],"31":[0],"32":[0],"33":[0],"34":[3],"35":[1],"36":[1],"37":[1],"38":[0,0],"39":[0,0],"40":[0,0],"41":[0,0],"42":[0,0],"43":[0,0],"44":[0,0]}}
,"C:\\Users\\moham\\Desktop\\pal\\backend\\src\\routes\\analytics.ts": {"path":"C:\\Users\\moham\\Desktop\\pal\\backend\\src\\routes\\analytics.ts","statementMap":{"0":{"start":{"line":1,"column":0},"end":{"line":1,"column":33}},"1":{"start":{"line":2,"column":0},"end":{"line":2,"column":31}},"2":{"start":{"line":3,"column":0},"end":{"line":3,"column":49}},"3":{"start":{"line":5,"column":15},"end":{"line":5,"column":23}},"4":{"start":{"line":8,"column":0},"end":{"line":18,"column":3}},"5":{"start":{"line":9,"column":19},"end":{"line":9,"column":80}},"6":{"start":{"line":10,"column":18},"end":{"line":16,"column":4}},"7":{"start":{"line":11,"column":25},"end":{"line":11,"column":41}},"8":{"start":{"line":12,"column":21},"end":{"line":12,"column":76}},"9":{"start":{"line":12,"column":45},"end":{"line":12,"column":68}},"10":{"start":{"line":13,"column":20},"end":{"line":13,"column":74}},"11":{"start":{"line":13,"column":44},"end":{"line":13,"column":66}},"12":{"start":{"line":14,"column":23},"end":{"line":14,"column":72}},"13":{"start":{"line":14,"column":50},"end":{"line":14,"column":68}},"14":{"start":{"line":15,"column":4},"end":{"line":15,"column":92}},"15":{"start":{"line":17,"column":2},"end":{"line":17,"column":20}},"16":{"start":{"line":21,"column":0},"end":{"line":29,"column":3}},"17":{"start":{"line":22,"column":16},"end":{"line":22,"column":44}},"18":{"start":{"line":23,"column":17},"end":{"line":27,"column":5}},"19":{"start":{"line":24,"column":20},"end":{"line":24,"column":79}},"20":{"start":{"line":25,"column":23},"end":{"line":25,"column":70}},"21":{"start":{"line":25,"column":48},"end":{"line":25,"column":66}},"22":{"start":{"line":26,"column":4},"end":{"line":26,"column":81}},"23":{"start":{"line":28,"column":2},"end":{"line":28,"column":19}},"24":{"start":{"line":31,"column":0},"end":{"line":31,"column":22}}},"fnMap":{"0":{"name":"(anonymous_1)","decl":{"start":{"line":8,"column":45},"end":{"line":8,"column":50}},"loc":{"start":{"line":8,"column":65},"end":{"line":18,"column":1}}},"1":{"name":"(anonymous_2)","decl":{"start":{"line":10,"column":31},"end":{"line":10,"column":32}},"loc":{"start":{"line":10,"column":37},"end":{"line":16,"column":3}}},"2":{"name":"(anonymous_3)","decl":{"start":{"line":12,"column":38},"end":{"line":12,"column":39}},"loc":{"start":{"line":12,"column":45},"end":{"line":12,"column":68}}},"3":{"name":"(anonymous_4)","decl":{"start":{"line":13,"column":37},"end":{"line":13,"column":38}},"loc":{"start":{"line":13,"column":44},"end":{"line":13,"column":66}}},"4":{"name":"(anonymous_5)","decl":{"start":{"line":14,"column":40},"end":{"line":14,"column":41}},"loc":{"start":{"line":14,"column":50},"end":{"line":14,"column":68}}},"5":{"name":"(anonymous_6)","decl":{"start":{"line":21,"column":46},"end":{"line":21,"column":51}},"loc":{"start":{"line":21,"column":66},"end":{"line":29,"column":1}}},"6":{"name":"(anonymous_7)","decl":{"start":{"line":23,"column":45},"end":{"line":23,"column":50}},"loc":{"start":{"line":23,"column":57},"end":{"line":27,"column":3}}},"7":{"name":"(anonymous_8)","decl":{"start":{"line":25,"column":38},"end":{"line":25,"column":39}},"loc":{"start":{"line":25,"column":48},"end":{"line":25,"column":66}}}},"branchMap":{"0":{"loc":{"start":{"line":14,"column":55},"end":{"line":14,"column":67}},"type":"binary-expr","locations":[{"start":{"line":14,"column":55},"end":{"line":14,"column":62}},{"start":{"line":14,"column":66},"end":{"line":14,"column":67}}]},"1":{"loc":{"start":{"line":25,"column":53},"end":{"line":25,"column":65}},"type":"binary-expr","locations":[{"start":{"line":25,"column":53},"end":{"line":25,"column":60}},{"start":{"line":25,"column":64},"end":{"line":25,"column":65}}]}},"s":{"0":9,"1":9,"2":9,"3":9,"4":9,"5":1,"6":1,"7":4,"8":4,"9":0,"10":4,"11":0,"12":4,"13":0,"14":4,"15":1,"16":9,"17":1,"18":1,"19":3,"20":3,"21":0,"22":3,"23":1,"24":9},"f":{"0":1,"1":4,"2":0,"3":0,"4":0,"5":1,"6":3,"7":0},"b":{"0":[0,0],"1":[0,0]}}
,"C:\\Users\\moham\\Desktop\\pal\\backend\\src\\routes\\auth.ts": {"path":"C:\\Users\\moham\\Desktop\\pal\\backend\\src\\routes\\auth.ts","statementMap":{"0":{"start":{"line":1,"column":0},"end":{"line":1,"column":33}},"1":{"start":{"line":2,"column":0},"end":{"line":2,"column":28}},"2":{"start":{"line":3,"column":0},"end":{"line":3,"column":31}},"3":{"start":{"line":4,"column":0},"end":{"line":4,"column":34}},"4":{"start":{"line":6,"column":15},"end":{"line":6,"column":23}},"5":{"start":{"line":8,"column":0},"end":{"line":20,"column":3}},"6":{"start":{"line":9,"column":30},"end":{"line":9,"column":38}},"7":{"start":{"line":10,"column":2},"end":{"line":10,"column":97}},"8":{"start":{"line":10,"column":27},"end":{"line":10,"column":97}},"9":{"start":{"line":12,"column":15},"end":{"line":12,"column":65}},"10":{"start":{"line":13,"column":2},"end":{"line":13,"column":75}},"11":{"start":{"line":13,"column":13},"end":{"line":13,"column":75}},"12":{"start":{"line":15,"column":13},"end":{"line":15,"column":58}},"13":{"start":{"line":16,"column":2},"end":{"line":16,"column":73}},"14":{"start":{"line":16,"column":11},"end":{"line":16,"column":73}},"15":{"start":{"line":18,"column":16},"end":{"line":18,"column":74}},"16":{"start":{"line":19,"column":2},"end":{"line":19,"column":22}},"17":{"start":{"line":23,"column":0},"end":{"line":34,"column":3}},"18":{"start":{"line":24,"column":42},"end":{"line":24,"column":50}},"19":{"start":{"line":25,"column":2},"end":{"line":25,"column":97}},"20":{"start":{"line":25,"column":27},"end":{"line":25,"column":97}},"21":{"start":{"line":27,"column":19},"end":{"line":27,"column":69}},"22":{"start":{"line":28,"column":2},"end":{"line":28,"column":78}},"23":{"start":{"line":28,"column":16},"end":{"line":28,"column":78}},"24":{"start":{"line":30,"column":15},"end":{"line":30,"column":46}},"25":{"start":{"line":31,"column":15},"end":{"line":31,"column":108}},"26":{"start":{"line":33,"column":2},"end":{"line":33,"column":93}},"27":{"start":{"line":36,"column":0},"end":{"line":36,"column":22}}},"fnMap":{"0":{"name":"(anonymous_1)","decl":{"start":{"line":8,"column":22},"end":{"line":8,"column":27}},"loc":{"start":{"line":8,"column":41},"end":{"line":20,"column":1}}},"1":{"name":"(anonymous_2)","decl":{"start":{"line":23,"column":25},"end":{"line":23,"column":30}},"loc":{"start":{"line":23,"column":44},"end":{"line":34,"column":1}}}},"branchMap":{"0":{"loc":{"start":{"line":10,"column":2},"end":{"line":10,"column":97}},"type":"if","locations":[{"start":{"line":10,"column":2},"end":{"line":10,"column":97}}]},"1":{"loc":{"start":{"line":10,"column":6},"end":{"line":10,"column":25}},"type":"binary-expr","locations":[{"start":{"line":10,"column":6},"end":{"line":10,"column":12}},{"start":{"line":10,"column":16},"end":{"line":10,"column":25}}]},"2":{"loc":{"start":{"line":13,"column":2},"end":{"line":13,"column":75}},"type":"if","locations":[{"start":{"line":13,"column":2},"end":{"line":13,"column":75}}]},"3":{"loc":{"start":{"line":16,"column":2},"end":{"line":16,"column":73}},"type":"if","locations":[{"start":{"line":16,"column":2},"end":{"line":16,"column":73}}]},"4":{"loc":{"start":{"line":25,"column":2},"end":{"line":25,"column":97}},"type":"if","locations":[{"start":{"line":25,"column":2},"end":{"line":25,"column":97}}]},"5":{"loc":{"start":{"line":25,"column":6},"end":{"line":25,"column":25}},"type":"binary-expr","locations":[{"start":{"line":25,"column":6},"end":{"line":25,"column":12}},{"start":{"line":25,"column":16},"end":{"line":25,"column":25}}]},"6":{"loc":{"start":{"line":28,"column":2},"end":{"line":28,"column":78}},"type":"if","locations":[{"start":{"line":28,"column":2},"end":{"line":28,"column":78}}]},"7":{"loc":{"start":{"line":31,"column":85},"end":{"line":31,"column":103}},"type":"binary-expr","locations":[{"start":{"line":31,"column":85},"end":{"line":31,"column":89}},{"start":{"line":31,"column":93},"end":{"line":31,"column":103}}]}},"s":{"0":9,"1":9,"2":9,"3":9,"4":9,"5":9,"6":8,"7":8,"8":1,"9":7,"10":7,"11":0,"12":7,"13":7,"14":0,"15":7,"16":7,"17":9,"18":0,"19":0,"20":0,"21":0,"22":0,"23":0,"24":0,"25":0,"26":0,"27":9},"f":{"0":8,"1":0},"b":{"0":[1],"1":[8,7],"2":[0],"3":[0],"4":[0],"5":[0,0],"6":[0],"7":[0,0]}}
,"C:\\Users\\moham\\Desktop\\pal\\backend\\src\\routes\\health.ts": {"path":"C:\\Users\\moham\\Desktop\\pal\\backend\\src\\routes\\health.ts","statementMap":{"0":{"start":{"line":1,"column":0},"end":{"line":1,"column":33}},"1":{"start":{"line":3,"column":15},"end":{"line":3,"column":23}},"2":{"start":{"line":5,"column":0},"end":{"line":7,"column":3}},"3":{"start":{"line":6,"column":2},"end":{"line":6,"column":61}},"4":{"start":{"line":9,"column":0},"end":{"line":9,"column":22}}},"fnMap":{"0":{"name":"(anonymous_0)","decl":{"start":{"line":5,"column":16},"end":{"line":5,"column":17}},"loc":{"start":{"line":5,"column":30},"end":{"line":7,"column":1}}}},"branchMap":{},"s":{"0":9,"1":9,"2":9,"3":1,"4":9},"f":{"0":1},"b":{}}
,"C:\\Users\\moham\\Desktop\\pal\\backend\\src\\routes\\ngos.ts": {"path":"C:\\Users\\moham\\Desktop\\pal\\backend\\src\\routes\\ngos.ts","statementMap":{"0":{"start":{"line":1,"column":0},"end":{"line":1,"column":33}},"1":{"start":{"line":2,"column":0},"end":{"line":2,"column":31}},"2":{"start":{"line":3,"column":0},"end":{"line":3,"column":62}},"3":{"start":{"line":5,"column":15},"end":{"line":5,"column":23}},"4":{"start":{"line":8,"column":0},"end":{"line":14,"column":3}},"5":{"start":{"line":9,"column":25},"end":{"line":9,"column":33}},"6":{"start":{"line":10,"column":2},"end":{"line":10,"column":69}},"7":{"start":{"line":10,"column":13},"end":{"line":10,"column":69}},"8":{"start":{"line":11,"column":14},"end":{"line":11,"column":63}},"9":{"start":{"line":12,"column":3},"end":{"line":12,"column":40}},"10":{"start":{"line":13,"column":2},"end":{"line":13,"column":28}},"11":{"start":{"line":17,"column":0},"end":{"line":20,"column":3}},"12":{"start":{"line":18,"column":15},"end":{"line":18,"column":42}},"13":{"start":{"line":19,"column":2},"end":{"line":19,"column":17}},"14":{"start":{"line":23,"column":0},"end":{"line":27,"column":3}},"15":{"start":{"line":24,"column":14},"end":{"line":24,"column":75}},"16":{"start":{"line":25,"column":2},"end":{"line":25,"column":64}},"17":{"start":{"line":25,"column":12},"end":{"line":25,"column":64}},"18":{"start":{"line":26,"column":2},"end":{"line":26,"column":16}},"19":{"start":{"line":30,"column":0},"end":{"line":34,"column":3}},"20":{"start":{"line":31,"column":14},"end":{"line":31,"column":87}},"21":{"start":{"line":32,"column":3},"end":{"line":32,"column":40}},"22":{"start":{"line":33,"column":2},"end":{"line":33,"column":16}},"23":{"start":{"line":37,"column":0},"end":{"line":41,"column":3}},"24":{"start":{"line":38,"column":2},"end":{"line":38,"column":60}},"25":{"start":{"line":39,"column":3},"end":{"line":39,"column":47}},"26":{"start":{"line":40,"column":2},"end":{"line":40,"column":25}},"27":{"start":{"line":43,"column":0},"end":{"line":43,"column":22}}},"fnMap":{"0":{"name":"(anonymous_1)","decl":{"start":{"line":8,"column":77},"end":{"line":8,"column":82}},"loc":{"start":{"line":8,"column":96},"end":{"line":14,"column":1}}},"1":{"name":"(anonymous_2)","decl":{"start":{"line":17,"column":29},"end":{"line":17,"column":34}},"loc":{"start":{"line":17,"column":49},"end":{"line":20,"column":1}}},"2":{"name":"(anonymous_3)","decl":{"start":{"line":23,"column":32},"end":{"line":23,"column":37}},"loc":{"start":{"line":23,"column":51},"end":{"line":27,"column":1}}},"3":{"name":"(anonymous_4)","decl":{"start":{"line":30,"column":79},"end":{"line":30,"column":84}},"loc":{"start":{"line":30,"column":98},"end":{"line":34,"column":1}}},"4":{"name":"(anonymous_5)","decl":{"start":{"line":37,"column":63},"end":{"line":37,"column":68}},"loc":{"start":{"line":37,"column":82},"end":{"line":41,"column":1}}}},"branchMap":{"0":{"loc":{"start":{"line":10,"column":2},"end":{"line":10,"column":69}},"type":"if","locations":[{"start":{"line":10,"column":2},"end":{"line":10,"column":69}}]},"1":{"loc":{"start":{"line":25,"column":2},"end":{"line":25,"column":64}},"type":"if","locations":[{"start":{"line":25,"column":2},"end":{"line":25,"column":64}}]}},"s":{"0":9,"1":9,"2":9,"3":9,"4":9,"5":1,"6":1,"7":0,"8":1,"9":1,"10":1,"11":9,"12":1,"13":1,"14":9,"15":0,"16":0,"17":0,"18":0,"19":9,"20":0,"21":0,"22":0,"23":9,"24":0,"25":0,"26":0,"27":9},"f":{"0":1,"1":1,"2":0,"3":0,"4":0},"b":{"0":[0],"1":[0]}}
,"C:\\Users\\moham\\Desktop\\pal\\backend\\src\\routes\\projects.ts": {"path":"C:\\Users\\moham\\Desktop\\pal\\backend\\src\\routes\\projects.ts","statementMap":{"0":{"start":{"line":1,"column":0},"end":{"line":1,"column":33}},"1":{"start":{"line":2,"column":0},"end":{"line":2,"column":31}},"2":{"start":{"line":3,"column":0},"end":{"line":3,"column":62}},"3":{"start":{"line":4,"column":0},"end":{"line":4,"column":44}},"4":{"start":{"line":5,"column":0},"end":{"line":5,"column":88}},"5":{"start":{"line":6,"column":0},"end":{"line":6,"column":72}},"6":{"start":{"line":10,"column":15},"end":{"line":10,"column":23}},"7":{"start":{"line":13,"column":0},"end":{"line":19,"column":3}},"8":{"start":{"line":14,"column":67},"end":{"line":14,"column":75}},"9":{"start":{"line":15,"column":2},"end":{"line":15,"column":115}},"10":{"start":{"line":15,"column":40},"end":{"line":15,"column":115}},"11":{"start":{"line":16,"column":18},"end":{"line":16,"column":166}},"12":{"start":{"line":17,"column":3},"end":{"line":17,"column":44}},"13":{"start":{"line":18,"column":2},"end":{"line":18,"column":32}},"14":{"start":{"line":22,"column":0},"end":{"line":28,"column":3}},"15":{"start":{"line":23,"column":20},"end":{"line":23,"column":29}},"16":{"start":{"line":24,"column":21},"end":{"line":24,"column":23}},"17":{"start":{"line":25,"column":2},"end":{"line":25,"column":41}},"18":{"start":{"line":25,"column":13},"end":{"line":25,"column":41}},"19":{"start":{"line":26,"column":19},"end":{"line":26,"column":83}},"20":{"start":{"line":27,"column":2},"end":{"line":27,"column":21}},"21":{"start":{"line":31,"column":0},"end":{"line":35,"column":3}},"22":{"start":{"line":32,"column":18},"end":{"line":32,"column":120}},"23":{"start":{"line":33,"column":2},"end":{"line":33,"column":68}},"24":{"start":{"line":33,"column":16},"end":{"line":33,"column":68}},"25":{"start":{"line":34,"column":2},"end":{"line":34,"column":20}},"26":{"start":{"line":38,"column":0},"end":{"line":45,"column":3}},"27":{"start":{"line":39,"column":15},"end":{"line":39,"column":30}},"28":{"start":{"line":40,"column":2},"end":{"line":40,"column":64}},"29":{"start":{"line":40,"column":22},"end":{"line":40,"column":64}},"30":{"start":{"line":41,"column":2},"end":{"line":41,"column":58}},"31":{"start":{"line":41,"column":20},"end":{"line":41,"column":58}},"32":{"start":{"line":42,"column":18},"end":{"line":42,"column":85}},"33":{"start":{"line":43,"column":3},"end":{"line":43,"column":44}},"34":{"start":{"line":44,"column":2},"end":{"line":44,"column":20}},"35":{"start":{"line":48,"column":0},"end":{"line":52,"column":3}},"36":{"start":{"line":49,"column":2},"end":{"line":49,"column":64}},"37":{"start":{"line":50,"column":3},"end":{"line":50,"column":47}},"38":{"start":{"line":51,"column":2},"end":{"line":51,"column":25}},"39":{"start":{"line":55,"column":0},"end":{"line":62,"column":3}},"40":{"start":{"line":56,"column":22},"end":{"line":56,"column":30}},"41":{"start":{"line":57,"column":2},"end":{"line":57,"column":96}},"42":{"start":{"line":57,"column":31},"end":{"line":57,"column":96}},"43":{"start":{"line":58,"column":19},"end":{"line":58,"column":56}},"44":{"start":{"line":58,"column":48},"end":{"line":58,"column":54}},"45":{"start":{"line":59,"column":18},"end":{"line":59,"column":145}},"46":{"start":{"line":60,"column":3},"end":{"line":60,"column":44}},"47":{"start":{"line":61,"column":2},"end":{"line":61,"column":20}},"48":{"start":{"line":64,"column":0},"end":{"line":64,"column":22}},"49":{"start":{"line":67,"column":0},"end":{"line":102,"column":3}},"50":{"start":{"line":68,"column":17},"end":{"line":68,"column":27}},"51":{"start":{"line":69,"column":37},"end":{"line":69,"column":52}},"52":{"start":{"line":70,"column":18},"end":{"line":70,"column":120}},"53":{"start":{"line":71,"column":2},"end":{"line":71,"column":68}},"54":{"start":{"line":71,"column":16},"end":{"line":71,"column":68}},"55":{"start":{"line":74,"column":17},"end":{"line":74,"column":33}},"56":{"start":{"line":75,"column":21},"end":{"line":75,"column":69}},"57":{"start":{"line":75,"column":51},"end":{"line":75,"column":68}},"58":{"start":{"line":76,"column":18},"end":{"line":76,"column":92}},"59":{"start":{"line":77,"column":2},"end":{"line":77,"column":83}},"60":{"start":{"line":77,"column":31},"end":{"line":77,"column":83}},"61":{"start":{"line":79,"column":19},"end":{"line":79,"column":28}},"62":{"start":{"line":81,"column":2},"end":{"line":84,"column":68}},"63":{"start":{"line":81,"column":26},"end":{"line":81,"column":75}},"64":{"start":{"line":82,"column":7},"end":{"line":84,"column":68}},"65":{"start":{"line":82,"column":29},"end":{"line":82,"column":63}},"66":{"start":{"line":83,"column":7},"end":{"line":84,"column":68}},"67":{"start":{"line":83,"column":30},"end":{"line":83,"column":78}},"68":{"start":{"line":84,"column":7},"end":{"line":84,"column":68}},"69":{"start":{"line":86,"column":2},"end":{"line":93,"column":3}},"70":{"start":{"line":87,"column":16},"end":{"line":87,"column":36}},"71":{"start":{"line":88,"column":21},"end":{"line":88,"column":56}},"72":{"start":{"line":89,"column":18},"end":{"line":89,"column":268}},"73":{"start":{"line":91,"column":4},"end":{"line":91,"column":152}},"74":{"start":{"line":92,"column":4},"end":{"line":92,"column":44}},"75":{"start":{"line":96,"column":19},"end":{"line":96,"column":58}},"76":{"start":{"line":97,"column":2},"end":{"line":97,"column":77}},"77":{"start":{"line":98,"column":2},"end":{"line":98,"column":125}},"78":{"start":{"line":98,"column":26},"end":{"line":98,"column":125}},"79":{"start":{"line":99,"column":2},"end":{"line":99,"column":73}},"80":{"start":{"line":99,"column":24},"end":{"line":99,"column":73}},"81":{"start":{"line":100,"column":2},"end":{"line":100,"column":130}},"82":{"start":{"line":100,"column":25},"end":{"line":100,"column":130}},"83":{"start":{"line":101,"column":2},"end":{"line":101,"column":23}},"84":{"start":{"line":105,"column":0},"end":{"line":115,"column":3}},"85":{"start":{"line":106,"column":17},"end":{"line":106,"column":27}},"86":{"start":{"line":107,"column":18},"end":{"line":107,"column":94}},"87":{"start":{"line":108,"column":2},"end":{"line":108,"column":68}},"88":{"start":{"line":108,"column":16},"end":{"line":108,"column":68}},"89":{"start":{"line":109,"column":17},"end":{"line":109,"column":33}},"90":{"start":{"line":110,"column":21},"end":{"line":110,"column":69}},"91":{"start":{"line":110,"column":51},"end":{"line":110,"column":68}},"92":{"start":{"line":111,"column":18},"end":{"line":111,"column":92}},"93":{"start":{"line":112,"column":2},"end":{"line":112,"column":83}},"94":{"start":{"line":112,"column":31},"end":{"line":112,"column":83}},"95":{"start":{"line":113,"column":15},"end":{"line":113,"column":36}},"96":{"start":{"line":114,"column":2},"end":{"line":114,"column":17}},"97":{"start":{"line":118,"column":0},"end":{"line":133,"column":3}},"98":{"start":{"line":119,"column":23},"end":{"line":119,"column":33}},"99":{"start":{"line":120,"column":18},"end":{"line":120,"column":94}},"100":{"start":{"line":121,"column":2},"end":{"line":121,"column":68}},"101":{"start":{"line":121,"column":16},"end":{"line":121,"column":68}},"102":{"start":{"line":122,"column":17},"end":{"line":122,"column":33}},"103":{"start":{"line":123,"column":21},"end":{"line":123,"column":69}},"104":{"start":{"line":123,"column":51},"end":{"line":123,"column":68}},"105":{"start":{"line":124,"column":18},"end":{"line":124,"column":92}},"106":{"start":{"line":125,"column":2},"end":{"line":125,"column":83}},"107":{"start":{"line":125,"column":31},"end":{"line":125,"column":83}},"108":{"start":{"line":126,"column":12},"end":{"line":126,"column":41}},"109":{"start":{"line":127,"column":2},"end":{"line":127,"column":67}},"110":{"start":{"line":127,"column":10},"end":{"line":127,"column":67}},"111":{"start":{"line":128,"column":2},"end":{"line":131,"column":3}},"112":{"start":{"line":130,"column":4},"end":{"line":130,"column":27}},"113":{"start":{"line":132,"column":2},"end":{"line":132,"column":35}}},"fnMap":{"0":{"name":"(anonymous_1)","decl":{"start":{"line":13,"column":105},"end":{"line":13,"column":110}},"loc":{"start":{"line":13,"column":124},"end":{"line":19,"column":1}}},"1":{"name":"(anonymous_2)","decl":{"start":{"line":22,"column":29},"end":{"line":22,"column":34}},"loc":{"start":{"line":22,"column":48},"end":{"line":28,"column":1}}},"2":{"name":"(anonymous_3)","decl":{"start":{"line":31,"column":32},"end":{"line":31,"column":37}},"loc":{"start":{"line":31,"column":51},"end":{"line":35,"column":1}}},"3":{"name":"(anonymous_4)","decl":{"start":{"line":38,"column":107},"end":{"line":38,"column":112}},"loc":{"start":{"line":38,"column":126},"end":{"line":45,"column":1}}},"4":{"name":"(anonymous_5)","decl":{"start":{"line":48,"column":91},"end":{"line":48,"column":96}},"loc":{"start":{"line":48,"column":110},"end":{"line":52,"column":1}}},"5":{"name":"(anonymous_6)","decl":{"start":{"line":55,"column":121},"end":{"line":55,"column":126}},"loc":{"start":{"line":55,"column":140},"end":{"line":62,"column":1}}},"6":{"name":"(anonymous_7)","decl":{"start":{"line":58,"column":31},"end":{"line":58,"column":32}},"loc":{"start":{"line":58,"column":48},"end":{"line":58,"column":54}}},"7":{"name":"(anonymous_8)","decl":{"start":{"line":67,"column":40},"end":{"line":67,"column":45}},"loc":{"start":{"line":67,"column":59},"end":{"line":102,"column":1}}},"8":{"name":"(anonymous_9)","decl":{"start":{"line":75,"column":40},"end":{"line":75,"column":41}},"loc":{"start":{"line":75,"column":51},"end":{"line":75,"column":68}}},"9":{"name":"(anonymous_10)","decl":{"start":{"line":105,"column":40},"end":{"line":105,"column":45}},"loc":{"start":{"line":105,"column":59},"end":{"line":115,"column":1}}},"10":{"name":"(anonymous_11)","decl":{"start":{"line":110,"column":40},"end":{"line":110,"column":41}},"loc":{"start":{"line":110,"column":51},"end":{"line":110,"column":68}}},"11":{"name":"(anonymous_12)","decl":{"start":{"line":118,"column":46},"end":{"line":118,"column":51}},"loc":{"start":{"line":118,"column":65},"end":{"line":133,"column":1}}},"12":{"name":"(anonymous_13)","decl":{"start":{"line":123,"column":40},"end":{"line":123,"column":41}},"loc":{"start":{"line":123,"column":51},"end":{"line":123,"column":68}}}},"branchMap":{"0":{"loc":{"start":{"line":15,"column":2},"end":{"line":15,"column":115}},"type":"if","locations":[{"start":{"line":15,"column":2},"end":{"line":15,"column":115}}]},"1":{"loc":{"start":{"line":15,"column":6},"end":{"line":15,"column":38}},"type":"binary-expr","locations":[{"start":{"line":15,"column":6},"end":{"line":15,"column":12}},{"start":{"line":15,"column":16},"end":{"line":15,"column":26}},{"start":{"line":15,"column":30},"end":{"line":15,"column":38}}]},"2":{"loc":{"start":{"line":16,"column":131},"end":{"line":16,"column":142}},"type":"binary-expr","locations":[{"start":{"line":16,"column":131},"end":{"line":16,"column":137}},{"start":{"line":16,"column":141},"end":{"line":16,"column":142}}]},"3":{"loc":{"start":{"line":25,"column":2},"end":{"line":25,"column":41}},"type":"if","locations":[{"start":{"line":25,"column":2},"end":{"line":25,"column":41}}]},"4":{"loc":{"start":{"line":33,"column":2},"end":{"line":33,"column":68}},"type":"if","locations":[{"start":{"line":33,"column":2},"end":{"line":33,"column":68}}]},"5":{"loc":{"start":{"line":40,"column":2},"end":{"line":40,"column":64}},"type":"if","locations":[{"start":{"line":40,"column":2},"end":{"line":40,"column":64}}]},"6":{"loc":{"start":{"line":41,"column":2},"end":{"line":41,"column":58}},"type":"if","locations":[{"start":{"line":41,"column":2},"end":{"line":41,"column":58}}]},"7":{"loc":{"start":{"line":57,"column":2},"end":{"line":57,"column":96}},"type":"if","locations":[{"start":{"line":57,"column":2},"end":{"line":57,"column":96}}]},"8":{"loc":{"start":{"line":69,"column":10},"end":{"line":69,"column":26}},"type":"default-arg","locations":[{"start":{"line":69,"column":19},"end":{"line":69,"column":26}}]},"9":{"loc":{"start":{"line":71,"column":2},"end":{"line":71,"column":68}},"type":"if","locations":[{"start":{"line":71,"column":2},"end":{"line":71,"column":68}}]},"10":{"loc":{"start":{"line":77,"column":2},"end":{"line":77,"column":83}},"type":"if","locations":[{"start":{"line":77,"column":2},"end":{"line":77,"column":83}}]},"11":{"loc":{"start":{"line":77,"column":6},"end":{"line":77,"column":29}},"type":"binary-expr","locations":[{"start":{"line":77,"column":6},"end":{"line":77,"column":14}},{"start":{"line":77,"column":18},"end":{"line":77,"column":29}}]},"12":{"loc":{"start":{"line":81,"column":2},"end":{"line":84,"column":68}},"type":"if","locations":[{"start":{"line":81,"column":2},"end":{"line":84,"column":68}},{"start":{"line":82,"column":7},"end":{"line":84,"column":68}}]},"13":{"loc":{"start":{"line":82,"column":7},"end":{"line":84,"column":68}},"type":"if","locations":[{"start":{"line":82,"column":7},"end":{"line":84,"column":68}},{"start":{"line":83,"column":7},"end":{"line":84,"column":68}}]},"14":{"loc":{"start":{"line":83,"column":7},"end":{"line":84,"column":68}},"type":"if","locations":[{"start":{"line":83,"column":7},"end":{"line":84,"column":68}},{"start":{"line":84,"column":7},"end":{"line":84,"column":68}}]},"15":{"loc":{"start":{"line":86,"column":2},"end":{"line":93,"column":3}},"type":"if","locations":[{"start":{"line":86,"column":2},"end":{"line":93,"column":3}}]},"16":{"loc":{"start":{"line":89,"column":64},"end":{"line":89,"column":267}},"type":"cond-expr","locations":[{"start":{"line":89,"column":85},"end":{"line":89,"column":152}},{"start":{"line":89,"column":155},"end":{"line":89,"column":267}}]},"17":{"loc":{"start":{"line":89,"column":155},"end":{"line":89,"column":267}},"type":"cond-expr","locations":[{"start":{"line":89,"column":174},"end":{"line":89,"column":191}},{"start":{"line":89,"column":194},"end":{"line":89,"column":267}}]},"18":{"loc":{"start":{"line":98,"column":2},"end":{"line":98,"column":125}},"type":"if","locations":[{"start":{"line":98,"column":2},"end":{"line":98,"column":125}}]},"19":{"loc":{"start":{"line":99,"column":2},"end":{"line":99,"column":73}},"type":"if","locations":[{"start":{"line":99,"column":2},"end":{"line":99,"column":73}}]},"20":{"loc":{"start":{"line":100,"column":2},"end":{"line":100,"column":130}},"type":"if","locations":[{"start":{"line":100,"column":2},"end":{"line":100,"column":130}}]},"21":{"loc":{"start":{"line":108,"column":2},"end":{"line":108,"column":68}},"type":"if","locations":[{"start":{"line":108,"column":2},"end":{"line":108,"column":68}}]},"22":{"loc":{"start":{"line":112,"column":2},"end":{"line":112,"column":83}},"type":"if","locations":[{"start":{"line":112,"column":2},"end":{"line":112,"column":83}}]},"23":{"loc":{"start":{"line":112,"column":6},"end":{"line":112,"column":29}},"type":"binary-expr","locations":[{"start":{"line":112,"column":6},"end":{"line":112,"column":14}},{"start":{"line":112,"column":18},"end":{"line":112,"column":29}}]},"24":{"loc":{"start":{"line":121,"column":2},"end":{"line":121,"column":68}},"type":"if","locations":[{"start":{"line":121,"column":2},"end":{"line":121,"column":68}}]},"25":{"loc":{"start":{"line":125,"column":2},"end":{"line":125,"column":83}},"type":"if","locations":[{"start":{"line":125,"column":2},"end":{"line":125,"column":83}}]},"26":{"loc":{"start":{"line":125,"column":6},"end":{"line":125,"column":29}},"type":"binary-expr","locations":[{"start":{"line":125,"column":6},"end":{"line":125,"column":14}},{"start":{"line":125,"column":18},"end":{"line":125,"column":29}}]},"27":{"loc":{"start":{"line":127,"column":2},"end":{"line":127,"column":67}},"type":"if","locations":[{"start":{"line":127,"column":2},"end":{"line":127,"column":67}}]},"28":{"loc":{"start":{"line":128,"column":2},"end":{"line":131,"column":3}},"type":"if","locations":[{"start":{"line":128,"column":2},"end":{"line":131,"column":3}}]},"29":{"loc":{"start":{"line":128,"column":6},"end":{"line":128,"column":84}},"type":"binary-expr","locations":[{"start":{"line":128,"column":6},"end":{"line":128,"column":27}},{"start":{"line":128,"column":32},"end":{"line":128,"column":55}},{"start":{"line":128,"column":59},"end":{"line":128,"column":83}}]}},"s":{"0":9,"1":9,"2":9,"3":9,"4":9,"5":9,"6":9,"7":9,"8":2,"9":2,"10":0,"11":2,"12":2,"13":2,"14":9,"15":0,"16":0,"17":0,"18":0,"19":0,"20":0,"21":9,"22":1,"23":1,"24":0,"25":1,"26":9,"27":0,"28":0,"29":0,"30":0,"31":0,"32":0,"33":0,"34":0,"35":9,"36":0,"37":0,"38":0,"39":9,"40":0,"41":0,"42":0,"43":0,"44":0,"45":0,"46":0,"47":0,"48":9,"49":9,"50":2,"51":2,"52":2,"53":2,"54":0,"55":2,"56":2,"57":2,"58":2,"59":2,"60":0,"61":2,"62":2,"63":2,"64":0,"65":0,"66":0,"67":0,"68":0,"69":2,"70":1,"71":1,"72":1,"73":1,"74":1,"75":1,"76":1,"77":1,"78":1,"79":1,"80":0,"81":1,"82":0,"83":1,"84":9,"85":1,"86":1,"87":1,"88":0,"89":1,"90":1,"91":1,"92":1,"93":1,"94":0,"95":1,"96":1,"97":9,"98":0,"99":0,"100":0,"101":0,"102":0,"103":0,"104":0,"105":0,"106":0,"107":0,"108":0,"109":0,"110":0,"111":0,"112":0,"113":0},"f":{"0":2,"1":0,"2":1,"3":0,"4":0,"5":0,"6":0,"7":2,"8":2,"9":1,"10":1,"11":0,"12":0},"b":{"0":[0],"1":[2,2,2],"2":[2,2],"3":[0],"4":[0],"5":[0],"6":[0],"7":[0],"8":[0],"9":[0],"10":[0],"11":[2,2],"12":[2,0],"13":[0,0],"14":[0,0],"15":[1],"16":[1,0],"17":[0,0],"18":[1],"19":[0],"20":[0],"21":[0],"22":[0],"23":[1,1],"24":[0],"25":[0],"26":[0,0],"27":[0],"28":[0],"29":[0,0,0]}}
,"C:\\Users\\moham\\Desktop\\pal\\backend\\src\\routes\\reports.ts": {"path":"C:\\Users\\moham\\Desktop\\pal\\backend\\src\\routes\\reports.ts","statementMap":{"0":{"start":{"line":1,"column":0},"end":{"line":1,"column":33}},"1":{"start":{"line":2,"column":0},"end":{"line":2,"column":31}},"2":{"start":{"line":3,"column":0},"end":{"line":3,"column":49}},"3":{"start":{"line":4,"column":0},"end":{"line":4,"column":50}},"4":{"start":{"line":6,"column":15},"end":{"line":6,"column":23}},"5":{"start":{"line":9,"column":0},"end":{"line":18,"column":3}},"6":{"start":{"line":10,"column":31},"end":{"line":10,"column":39}},"7":{"start":{"line":11,"column":2},"end":{"line":11,"column":67}},"8":{"start":{"line":11,"column":12},"end":{"line":11,"column":67}},"9":{"start":{"line":12,"column":2},"end":{"line":17,"column":3}},"10":{"start":{"line":13,"column":16},"end":{"line":13,"column":61}},"11":{"start":{"line":14,"column":4},"end":{"line":14,"column":22}},"12":{"start":{"line":16,"column":4},"end":{"line":16,"column":49}},"13":{"start":{"line":21,"column":0},"end":{"line":39,"column":3}},"14":{"start":{"line":22,"column":75},"end":{"line":22,"column":83}},"15":{"start":{"line":23,"column":2},"end":{"line":23,"column":101}},"16":{"start":{"line":23,"column":27},"end":{"line":23,"column":101}},"17":{"start":{"line":25,"column":17},"end":{"line":36,"column":5}},"18":{"start":{"line":38,"column":2},"end":{"line":38,"column":31}},"19":{"start":{"line":41,"column":0},"end":{"line":41,"column":22}}},"fnMap":{"0":{"name":"(anonymous_1)","decl":{"start":{"line":9,"column":37},"end":{"line":9,"column":42}},"loc":{"start":{"line":9,"column":56},"end":{"line":18,"column":1}}},"1":{"name":"(anonymous_2)","decl":{"start":{"line":21,"column":30},"end":{"line":21,"column":35}},"loc":{"start":{"line":21,"column":54},"end":{"line":39,"column":1}}}},"branchMap":{"0":{"loc":{"start":{"line":11,"column":2},"end":{"line":11,"column":67}},"type":"if","locations":[{"start":{"line":11,"column":2},"end":{"line":11,"column":67}}]},"1":{"loc":{"start":{"line":23,"column":2},"end":{"line":23,"column":101}},"type":"if","locations":[{"start":{"line":23,"column":2},"end":{"line":23,"column":101}}]},"2":{"loc":{"start":{"line":23,"column":6},"end":{"line":23,"column":25}},"type":"binary-expr","locations":[{"start":{"line":23,"column":6},"end":{"line":23,"column":16}},{"start":{"line":23,"column":20},"end":{"line":23,"column":25}}]},"3":{"loc":{"start":{"line":30,"column":10},"end":{"line":30,"column":44}},"type":"cond-expr","locations":[{"start":{"line":30,"column":17},"end":{"line":30,"column":31}},{"start":{"line":30,"column":34},"end":{"line":30,"column":44}}]},"4":{"loc":{"start":{"line":31,"column":11},"end":{"line":31,"column":21}},"type":"binary-expr","locations":[{"start":{"line":31,"column":11},"end":{"line":31,"column":16}},{"start":{"line":31,"column":20},"end":{"line":31,"column":21}}]},"5":{"loc":{"start":{"line":34,"column":17},"end":{"line":34,"column":65}},"type":"cond-expr","locations":[{"start":{"line":34,"column":31},"end":{"line":34,"column":58}},{"start":{"line":34,"column":61},"end":{"line":34,"column":65}}]}},"s":{"0":9,"1":9,"2":9,"3":9,"4":9,"5":9,"6":2,"7":2,"8":1,"9":1,"10":1,"11":1,"12":0,"13":9,"14":2,"15":2,"16":1,"17":1,"18":1,"19":9},"f":{"0":2,"1":2},"b":{"0":[1],"1":[1],"2":[2,1],"3":[0,1],"4":[1,1],"5":[0,1]}}
,"C:\\Users\\moham\\Desktop\\pal\\backend\\src\\routes\\userProjects.ts": {"path":"C:\\Users\\moham\\Desktop\\pal\\backend\\src\\routes\\userProjects.ts","statementMap":{"0":{"start":{"line":1,"column":0},"end":{"line":1,"column":33}},"1":{"start":{"line":2,"column":0},"end":{"line":2,"column":31}},"2":{"start":{"line":3,"column":0},"end":{"line":3,"column":49}},"3":{"start":{"line":4,"column":0},"end":{"line":4,"column":33}},"4":{"start":{"line":6,"column":15},"end":{"line":6,"column":23}},"5":{"start":{"line":9,"column":0},"end":{"line":14,"column":3}},"6":{"start":{"line":10,"column":17},"end":{"line":10,"column":29}},"7":{"start":{"line":11,"column":19},"end":{"line":11,"column":124}},"8":{"start":{"line":12,"column":15},"end":{"line":12,"column":334}},"9":{"start":{"line":12,"column":34},"end":{"line":12,"column":332}},"10":{"start":{"line":12,"column":305},"end":{"line":12,"column":322}},"11":{"start":{"line":13,"column":2},"end":{"line":13,"column":17}},"12":{"start":{"line":17,"column":0},"end":{"line":34,"column":3}},"13":{"start":{"line":18,"column":17},"end":{"line":18,"column":29}},"14":{"start":{"line":19,"column":19},"end":{"line":19,"column":96}},"15":{"start":{"line":21,"column":14},"end":{"line":21,"column":45}},"16":{"start":{"line":22,"column":25},"end":{"line":22,"column":27}},"17":{"start":{"line":23,"column":2},"end":{"line":23,"column":45}},"18":{"start":{"line":24,"column":2},"end":{"line":24,"column":58}},"19":{"start":{"line":25,"column":2},"end":{"line":25,"column":17}},"20":{"start":{"line":26,"column":2},"end":{"line":28,"column":5}},"21":{"start":{"line":27,"column":4},"end":{"line":27,"column":83}},"22":{"start":{"line":29,"column":2},"end":{"line":29,"column":12}},"23":{"start":{"line":30,"column":14},"end":{"line":30,"column":144}},"24":{"start":{"line":30,"column":63},"end":{"line":30,"column":116}},"25":{"start":{"line":30,"column":83},"end":{"line":30,"column":114}},"26":{"start":{"line":30,"column":117},"end":{"line":30,"column":141}},"27":{"start":{"line":31,"column":2},"end":{"line":31,"column":51}},"28":{"start":{"line":32,"column":2},"end":{"line":32,"column":96}},"29":{"start":{"line":33,"column":2},"end":{"line":33,"column":16}},"30":{"start":{"line":36,"column":0},"end":{"line":36,"column":22}}},"fnMap":{"0":{"name":"(anonymous_1)","decl":{"start":{"line":9,"column":29},"end":{"line":9,"column":34}},"loc":{"start":{"line":9,"column":53},"end":{"line":14,"column":1}}},"1":{"name":"(anonymous_2)","decl":{"start":{"line":12,"column":28},"end":{"line":12,"column":29}},"loc":{"start":{"line":12,"column":34},"end":{"line":12,"column":332}}},"2":{"name":"(anonymous_3)","decl":{"start":{"line":12,"column":296},"end":{"line":12,"column":297}},"loc":{"start":{"line":12,"column":305},"end":{"line":12,"column":322}}},"3":{"name":"(anonymous_4)","decl":{"start":{"line":17,"column":35},"end":{"line":17,"column":40}},"loc":{"start":{"line":17,"column":59},"end":{"line":34,"column":1}}},"4":{"name":"(anonymous_5)","decl":{"start":{"line":26,"column":19},"end":{"line":26,"column":20}},"loc":{"start":{"line":26,"column":29},"end":{"line":28,"column":3}}},"5":{"name":"(anonymous_6)","decl":{"start":{"line":30,"column":40},"end":{"line":30,"column":41}},"loc":{"start":{"line":30,"column":60},"end":{"line":30,"column":143}}},"6":{"name":"(anonymous_7)","decl":{"start":{"line":30,"column":77},"end":{"line":30,"column":80}},"loc":{"start":{"line":30,"column":83},"end":{"line":30,"column":114}}}},"branchMap":{"0":{"loc":{"start":{"line":12,"column":71},"end":{"line":12,"column":188}},"type":"cond-expr","locations":[{"start":{"line":12,"column":106},"end":{"line":12,"column":117}},{"start":{"line":12,"column":121},"end":{"line":12,"column":187}}]},"1":{"loc":{"start":{"line":12,"column":121},"end":{"line":12,"column":187}},"type":"cond-expr","locations":[{"start":{"line":12,"column":158},"end":{"line":12,"column":171}},{"start":{"line":12,"column":174},"end":{"line":12,"column":187}}]}},"s":{"0":9,"1":9,"2":9,"3":9,"4":9,"5":9,"6":1,"7":1,"8":1,"9":0,"10":0,"11":1,"12":9,"13":0,"14":0,"15":0,"16":0,"17":0,"18":0,"19":0,"20":0,"21":0,"22":0,"23":0,"24":0,"25":0,"26":0,"27":0,"28":0,"29":0,"30":9},"f":{"0":1,"1":0,"2":0,"3":0,"4":0,"5":0,"6":0},"b":{"0":[0,0],"1":[0,0]}}
,"C:\\Users\\moham\\Desktop\\pal\\backend\\src\\routes\\users.ts": {"path":"C:\\Users\\moham\\Desktop\\pal\\backend\\src\\routes\\users.ts","statementMap":{"0":{"start":{"line":1,"column":0},"end":{"line":1,"column":33}},"1":{"start":{"line":2,"column":0},"end":{"line":2,"column":31}},"2":{"start":{"line":3,"column":0},"end":{"line":3,"column":75}},"3":{"start":{"line":5,"column":15},"end":{"line":5,"column":23}},"4":{"start":{"line":8,"column":0},"end":{"line":11,"column":3}},"5":{"start":{"line":9,"column":16},"end":{"line":9,"column":122}},"6":{"start":{"line":10,"column":2},"end":{"line":10,"column":18}},"7":{"start":{"line":14,"column":0},"end":{"line":21,"column":3}},"8":{"start":{"line":15,"column":42},"end":{"line":15,"column":50}},"9":{"start":{"line":16,"column":2},"end":{"line":16,"column":97}},"10":{"start":{"line":16,"column":27},"end":{"line":16,"column":97}},"11":{"start":{"line":19,"column":15},"end":{"line":19,"column":102}},"12":{"start":{"line":20,"column":2},"end":{"line":20,"column":93}},"13":{"start":{"line":23,"column":0},"end":{"line":23,"column":22}}},"fnMap":{"0":{"name":"(anonymous_1)","decl":{"start":{"line":8,"column":76},"end":{"line":8,"column":81}},"loc":{"start":{"line":8,"column":96},"end":{"line":11,"column":1}}},"1":{"name":"(anonymous_2)","decl":{"start":{"line":14,"column":77},"end":{"line":14,"column":82}},"loc":{"start":{"line":14,"column":109},"end":{"line":21,"column":1}}}},"branchMap":{"0":{"loc":{"start":{"line":16,"column":2},"end":{"line":16,"column":97}},"type":"if","locations":[{"start":{"line":16,"column":2},"end":{"line":16,"column":97}}]},"1":{"loc":{"start":{"line":16,"column":6},"end":{"line":16,"column":25}},"type":"binary-expr","locations":[{"start":{"line":16,"column":6},"end":{"line":16,"column":12}},{"start":{"line":16,"column":16},"end":{"line":16,"column":25}}]},"2":{"loc":{"start":{"line":19,"column":69},"end":{"line":19,"column":87}},"type":"binary-expr","locations":[{"start":{"line":19,"column":69},"end":{"line":19,"column":73}},{"start":{"line":19,"column":77},"end":{"line":19,"column":87}}]}},"s":{"0":9,"1":9,"2":9,"3":9,"4":9,"5":0,"6":0,"7":9,"8":0,"9":0,"10":0,"11":0,"12":0,"13":9},"f":{"0":0,"1":0},"b":{"0":[0],"1":[0,0],"2":[0,0]}}
,"C:\\Users\\moham\\Desktop\\pal\\backend\\src\\types\\pdfkit.d.ts": {"path":"C:\\Users\\moham\\Desktop\\pal\\backend\\src\\types\\pdfkit.d.ts","statementMap":{},"fnMap":{},"branchMap":{},"s":{},"f":{},"b":{}}
}
