TN:
SF:src\app.ts
FN:29,(anonymous_1)
FN:32,(anonymous_2)
FNF:2
FNH:0
FNDA:0,(anonymous_1)
FNDA:0,(anonymous_2)
DA:1,9
DA:2,9
DA:4,9
DA:5,9
DA:6,9
DA:7,9
DA:8,9
DA:9,9
DA:10,9
DA:11,9
DA:13,9
DA:15,9
DA:16,9
DA:18,9
DA:19,9
DA:20,9
DA:21,9
DA:22,9
DA:23,9
DA:24,9
DA:25,9
DA:26,9
DA:27,9
DA:29,9
DA:32,9
DA:33,0
DA:34,0
DA:37,9
LF:28
LH:26
BRDA:34,0,0,0
BRDA:34,0,1,0
BRDA:34,1,0,0
BRDA:34,1,1,0
BRF:4
BRH:0
end_of_record
TN:
SF:src\config.ts
FNF:0
FNH:0
DA:1,2
DA:2,2
DA:3,2
DA:4,2
LF:4
LH:4
BRDA:1,0,0,1
BRDA:1,0,1,1
BRDA:2,1,0,2
BRDA:2,1,1,1
BRDA:3,2,0,2
BRDA:3,2,1,1
BRDA:4,3,0,2
BRDA:4,3,1,1
BRF:8
BRH:8
end_of_record
TN:
SF:src\index.ts
FN:8,(anonymous_1)
FNF:1
FNH:0
FNDA:0,(anonymous_1)
DA:1,0
DA:2,0
DA:4,0
DA:6,0
DA:8,0
DA:9,0
LF:6
LH:0
BRDA:6,0,0,0
BRDA:6,0,1,0
BRF:2
BRH:0
end_of_record
TN:
SF:src\prisma.ts
FNF:0
FNH:0
DA:1,9
DA:3,9
DA:5,9
LF:3
LH:3
BRF:0
BRH:0
end_of_record
TN:
SF:src\lib\exports.ts
FN:5,generateExcel
FN:10,(anonymous_2)
FN:10,(anonymous_3)
FN:16,generatePdf
FN:20,(anonymous_5)
FN:25,(anonymous_6)
FN:29,(anonymous_7)
FN:29,(anonymous_8)
FN:33,generateWord
FN:35,(anonymous_10)
FN:44,extForFormat
FNF:11
FNH:9
FNDA:3,generateExcel
FNDA:2,(anonymous_2)
FNDA:0,(anonymous_3)
FNDA:1,generatePdf
FNDA:1,(anonymous_5)
FNDA:0,(anonymous_6)
FNDA:1,(anonymous_7)
FNDA:1,(anonymous_8)
FNDA:1,generateWord
FNDA:2,(anonymous_10)
FNDA:2,extForFormat
DA:1,9
DA:2,9
DA:3,9
DA:5,9
DA:6,3
DA:7,3
DA:8,3
DA:9,3
DA:10,4
DA:12,3
DA:13,3
DA:16,9
DA:17,1
DA:18,1
DA:19,1
DA:20,1
DA:21,1
DA:22,1
DA:23,1
DA:24,2
DA:25,2
DA:26,2
DA:28,1
DA:29,1
DA:30,1
DA:33,9
DA:34,1
DA:35,1
DA:36,2
DA:37,2
DA:39,1
DA:40,1
DA:41,1
DA:44,9
DA:45,2
DA:46,0
DA:47,0
DA:48,0
LF:38
LH:35
BRDA:10,0,0,4
BRDA:10,0,1,0
BRDA:10,1,0,2
BRDA:10,1,1,2
BRDA:10,2,0,4
BRDA:10,2,1,4
BRDA:10,3,0,4
BRDA:10,3,1,4
BRDA:10,4,0,4
BRDA:10,4,1,4
BRDA:10,5,0,4
BRDA:10,5,1,0
BRDA:10,6,0,4
BRDA:10,6,1,1
BRDA:24,7,0,2
BRDA:24,7,1,2
BRDA:25,8,0,2
BRDA:25,8,1,2
BRDA:25,9,0,2
BRDA:25,9,1,2
BRDA:25,10,0,2
BRDA:25,10,1,0
BRDA:37,11,0,2
BRDA:37,11,1,2
BRDA:45,12,0,2
BRDA:46,13,0,0
BRDA:47,14,0,0
BRF:27
BRH:22
end_of_record
TN:
SF:src\lib\jwt.ts
FN:5,sign
FN:9,verify
FNF:2
FNH:2
FNDA:8,sign
FNDA:20,verify
DA:1,9
DA:3,9
DA:5,9
DA:6,8
DA:9,9
DA:10,20
LF:6
LH:6
BRDA:3,0,0,9
BRDA:3,0,1,0
BRDA:6,1,0,8
BRDA:6,1,1,8
BRF:4
BRH:3
end_of_record
TN:
SF:src\lib\s3.ts
FN:9,getPresignedUploadUrl
FN:16,getPresignedDownloadUrl
FNF:2
FNH:2
FNDA:2,getPresignedUploadUrl
FNDA:2,getPresignedDownloadUrl
DA:1,10
DA:2,10
DA:4,10
DA:5,10
DA:7,10
DA:9,10
DA:10,2
DA:11,1
DA:12,1
DA:13,1
DA:16,10
DA:17,2
DA:18,1
DA:19,1
DA:20,1
LF:15
LH:15
BRDA:4,0,0,10
BRDA:4,0,1,10
BRDA:5,1,0,10
BRDA:5,1,1,9
BRDA:9,2,0,1
BRDA:10,3,0,1
BRDA:17,4,0,1
BRF:7
BRH:7
end_of_record
TN:
SF:src\lib\storage.ts
FN:10,ensureDir
FN:16,readS3Json
FN:29,writeS3
FN:34,saveExport
FN:63,listExports
FN:75,getExportPath
FNF:6
FNH:6
FNDA:1,ensureDir
FNDA:2,readS3Json
FNDA:2,writeS3
FNDA:2,saveExport
FNDA:2,listExports
FNDA:1,getExportPath
DA:1,10
DA:2,10
DA:3,10
DA:4,10
DA:6,10
DA:7,10
DA:8,10
DA:11,1
DA:14,10
DA:17,2
DA:18,2
DA:19,2
DA:20,1
DA:21,1
DA:22,1
DA:23,1
DA:25,1
DA:30,2
DA:31,2
DA:34,10
DA:35,2
DA:36,1
DA:37,1
DA:38,1
DA:40,1
DA:41,1
DA:42,1
DA:43,1
DA:44,1
DA:45,1
DA:48,1
DA:49,1
DA:50,1
DA:51,1
DA:52,1
DA:53,1
DA:54,1
DA:55,0
DA:57,1
DA:58,1
DA:59,1
DA:60,1
DA:63,10
DA:64,2
DA:65,1
DA:66,1
DA:67,1
DA:69,1
DA:70,1
DA:71,1
DA:72,1
DA:75,10
DA:76,1
DA:77,1
DA:78,1
DA:79,1
DA:80,1
DA:81,1
DA:82,0
DA:84,0
DA:85,0
DA:86,0
LF:62
LH:57
BRDA:7,0,0,10
BRDA:7,0,1,9
BRDA:8,1,0,10
BRDA:8,1,1,9
BRDA:11,2,0,1
BRDA:14,3,0,1
BRDA:14,3,1,9
BRDA:14,4,0,1
BRDA:14,4,1,1
BRDA:17,5,0,0
BRDA:17,6,0,2
BRDA:17,6,1,2
BRDA:23,7,0,1
BRDA:23,7,1,0
BRDA:30,8,0,0
BRDA:30,9,0,2
BRDA:30,9,1,2
BRDA:35,10,0,1
BRDA:36,11,0,0
BRDA:41,12,0,1
BRDA:41,12,1,1
BRDA:54,13,0,0
BRDA:55,14,0,0
BRDA:55,14,1,0
BRDA:64,15,0,1
BRDA:67,16,0,1
BRDA:67,16,1,0
BRDA:71,17,0,0
BRDA:72,18,0,1
BRDA:72,18,1,0
BRDA:76,19,0,1
BRDA:77,20,0,0
BRDA:77,21,0,1
BRDA:77,21,1,1
BRDA:85,22,0,0
BRF:35
BRH:23
end_of_record
TN:
SF:src\middleware\audit.ts
FN:4,logAudit
FN:12,audit
FN:13,(anonymous_3)
FNF:3
FNH:3
FNDA:2,logAudit
FNDA:36,audit
FNDA:2,(anonymous_3)
DA:2,9
DA:4,9
DA:5,2
DA:6,2
DA:8,0
DA:12,9
DA:13,36
DA:15,2
DA:16,2
DA:18,2
DA:19,2
DA:20,2
DA:21,2
DA:23,0
LF:14
LH:12
BRDA:6,0,0,2
BRDA:6,0,1,0
BRDA:19,1,0,2
BRDA:19,1,1,0
BRDA:20,2,0,2
BRDA:20,2,1,2
BRDA:20,2,2,2
BRF:7
BRH:5
end_of_record
TN:
SF:src\middleware\auth.ts
FN:8,requireAuth
FN:22,requireRole
FN:23,(anonymous_2)
FNF:3
FNH:3
FNDA:20,requireAuth
FNDA:108,requireRole
FNDA:8,(anonymous_2)
DA:2,9
DA:8,9
DA:9,20
DA:10,20
DA:11,20
DA:12,20
DA:13,20
DA:15,20
DA:16,20
DA:18,0
DA:22,9
DA:23,108
DA:24,8
DA:25,8
DA:26,8
DA:27,8
LF:16
LH:15
BRDA:10,0,0,0
BRDA:10,1,0,20
BRDA:10,1,1,20
BRDA:25,2,0,0
BRDA:26,3,0,0
BRF:5
BRH:2
end_of_record
TN:
SF:src\routes\admin.ts
FN:9,projectStatus
FN:17,(anonymous_2)
FN:37,(anonymous_3)
FN:43,(anonymous_4)
FN:64,(anonymous_5)
FN:64,(anonymous_6)
FN:64,(anonymous_7)
FN:67,(anonymous_8)
FN:73,(anonymous_9)
FN:90,(anonymous_10)
FN:90,(anonymous_11)
FN:90,(anonymous_12)
FN:97,(anonymous_13)
FN:107,(anonymous_14)
FN:137,(anonymous_15)
FN:153,(anonymous_16)
FN:155,(anonymous_17)
FN:155,(anonymous_18)
FNF:18
FNH:11
FNDA:28,projectStatus
FNDA:1,(anonymous_2)
FNDA:1,(anonymous_3)
FNDA:1,(anonymous_4)
FNDA:6,(anonymous_5)
FNDA:1,(anonymous_6)
FNDA:3,(anonymous_7)
FNDA:6,(anonymous_8)
FNDA:1,(anonymous_9)
FNDA:0,(anonymous_10)
FNDA:0,(anonymous_11)
FNDA:0,(anonymous_12)
FNDA:3,(anonymous_13)
FNDA:18,(anonymous_14)
FNDA:0,(anonymous_15)
FNDA:0,(anonymous_16)
FNDA:0,(anonymous_17)
FNDA:0,(anonymous_18)
DA:1,9
DA:2,9
DA:3,9
DA:4,9
DA:6,9
DA:10,28
DA:11,28
DA:12,10
DA:13,10
DA:17,9
DA:18,1
DA:19,1
DA:21,1
DA:22,1
DA:23,1
DA:25,1
DA:26,4
DA:27,4
DA:28,4
DA:29,4
DA:30,4
DA:31,1
DA:36,1
DA:37,1
DA:39,1
DA:43,9
DA:44,1
DA:45,1
DA:46,1
DA:48,1
DA:49,1
DA:50,1
DA:51,0
DA:52,0
DA:54,1
DA:55,0
DA:60,1
DA:62,1
DA:63,1
DA:64,6
DA:66,1
DA:67,6
DA:71,1
DA:72,1
DA:73,1
DA:74,1
DA:75,0
DA:76,0
DA:77,0
DA:81,1
DA:82,1
DA:83,1
DA:87,0
DA:88,0
DA:90,0
DA:91,0
DA:97,9
DA:98,3
DA:99,3
DA:100,3
DA:101,0
DA:102,0
DA:104,3
DA:105,3
DA:106,3
DA:107,18
DA:110,3
DA:111,1
DA:112,1
DA:113,1
DA:114,1
DA:117,2
DA:118,1
DA:119,1
DA:120,1
DA:121,1
DA:124,1
DA:125,1
DA:126,1
DA:127,1
DA:128,1
DA:131,0
DA:134,9
DA:137,9
DA:138,0
DA:139,0
DA:140,0
DA:141,0
DA:142,0
DA:143,0
DA:144,0
DA:145,0
DA:146,0
DA:147,0
DA:148,0
DA:149,0
DA:152,0
DA:153,0
DA:155,0
DA:157,0
LF:100
LH:71
BRDA:11,0,0,18
BRDA:11,1,0,28
BRDA:11,1,1,28
BRDA:12,2,0,0
BRDA:12,3,0,10
BRDA:12,3,1,10
BRDA:27,4,0,4
BRDA:27,4,1,2
BRDA:29,5,0,4
BRDA:29,5,1,2
BRDA:31,6,0,1
BRDA:31,6,1,1
BRDA:37,7,0,1
BRDA:37,7,1,1
BRDA:44,8,0,1
BRDA:44,8,1,1
BRDA:45,9,0,1
BRDA:45,9,1,0
BRDA:49,10,0,0
BRDA:50,11,0,0
BRDA:54,12,0,0
BRDA:60,13,0,1
BRDA:60,13,1,0
BRDA:62,14,0,1
BRDA:64,15,0,1
BRDA:64,15,1,1
BRDA:64,16,0,6
BRDA:64,16,1,6
BRDA:64,17,0,5
BRDA:64,17,1,1
BRDA:66,18,0,1
BRDA:71,19,0,1
BRDA:72,20,0,1
BRDA:72,20,1,0
BRDA:74,21,0,1
BRDA:74,22,0,1
BRDA:74,22,1,1
BRDA:74,23,0,1
BRDA:74,23,1,1
BRDA:75,24,0,0
BRDA:76,25,0,0
BRDA:87,26,0,0
BRDA:87,26,1,0
BRDA:87,27,0,0
BRDA:87,27,1,0
BRDA:90,28,0,0
BRDA:90,28,1,0
BRDA:90,29,0,0
BRDA:90,29,1,0
BRDA:90,30,0,0
BRDA:90,30,1,0
BRDA:98,31,0,0
BRDA:100,32,0,0
BRDA:104,33,0,0
BRDA:106,34,0,3
BRDA:110,35,0,1
BRDA:117,36,0,1
BRDA:124,37,0,1
BRDA:145,38,0,0
BRDA:145,38,1,0
BRDA:147,39,0,0
BRDA:147,39,1,0
BRDA:149,40,0,0
BRDA:149,40,1,0
BRDA:153,41,0,0
BRDA:153,41,1,0
BRDA:155,42,0,0
BRDA:155,42,1,0
BRDA:155,43,0,0
BRDA:155,43,1,0
BRDA:155,44,0,0
BRDA:155,44,1,0
BRF:72
BRH:36
end_of_record
TN:
SF:src\routes\analytics.ts
FN:8,(anonymous_1)
FN:10,(anonymous_2)
FN:12,(anonymous_3)
FN:13,(anonymous_4)
FN:14,(anonymous_5)
FN:21,(anonymous_6)
FN:23,(anonymous_7)
FN:25,(anonymous_8)
FNF:8
FNH:4
FNDA:1,(anonymous_1)
FNDA:4,(anonymous_2)
FNDA:0,(anonymous_3)
FNDA:0,(anonymous_4)
FNDA:0,(anonymous_5)
FNDA:1,(anonymous_6)
FNDA:3,(anonymous_7)
FNDA:0,(anonymous_8)
DA:1,9
DA:2,9
DA:3,9
DA:5,9
DA:8,9
DA:9,1
DA:10,1
DA:11,4
DA:12,4
DA:13,4
DA:14,4
DA:15,4
DA:17,1
DA:21,9
DA:22,1
DA:23,1
DA:24,3
DA:25,3
DA:26,3
DA:28,1
DA:31,9
LF:21
LH:21
BRDA:14,0,0,0
BRDA:14,0,1,0
BRDA:25,1,0,0
BRDA:25,1,1,0
BRF:4
BRH:0
end_of_record
TN:
SF:src\routes\auth.ts
FN:8,(anonymous_1)
FN:23,(anonymous_2)
FNF:2
FNH:1
FNDA:8,(anonymous_1)
FNDA:0,(anonymous_2)
DA:1,9
DA:2,9
DA:3,9
DA:4,9
DA:6,9
DA:8,9
DA:9,8
DA:10,8
DA:12,7
DA:13,7
DA:15,7
DA:16,7
DA:18,7
DA:19,7
DA:23,9
DA:24,0
DA:25,0
DA:27,0
DA:28,0
DA:30,0
DA:31,0
DA:33,0
DA:36,9
LF:23
LH:16
BRDA:10,0,0,1
BRDA:10,1,0,8
BRDA:10,1,1,7
BRDA:13,2,0,0
BRDA:16,3,0,0
BRDA:25,4,0,0
BRDA:25,5,0,0
BRDA:25,5,1,0
BRDA:28,6,0,0
BRDA:31,7,0,0
BRDA:31,7,1,0
BRF:11
BRH:3
end_of_record
TN:
SF:src\routes\health.ts
FN:5,(anonymous_0)
FNF:1
FNH:1
FNDA:1,(anonymous_0)
DA:1,9
DA:3,9
DA:5,9
DA:6,1
DA:9,9
LF:5
LH:5
BRF:0
BRH:0
end_of_record
TN:
SF:src\routes\ngos.ts
FN:8,(anonymous_1)
FN:17,(anonymous_2)
FN:23,(anonymous_3)
FN:30,(anonymous_4)
FN:37,(anonymous_5)
FNF:5
FNH:2
FNDA:1,(anonymous_1)
FNDA:1,(anonymous_2)
FNDA:0,(anonymous_3)
FNDA:0,(anonymous_4)
FNDA:0,(anonymous_5)
DA:1,9
DA:2,9
DA:3,9
DA:5,9
DA:8,9
DA:9,1
DA:10,1
DA:11,1
DA:12,1
DA:13,1
DA:17,9
DA:18,1
DA:19,1
DA:23,9
DA:24,0
DA:25,0
DA:26,0
DA:30,9
DA:31,0
DA:32,0
DA:33,0
DA:37,9
DA:38,0
DA:39,0
DA:40,0
DA:43,9
LF:26
LH:17
BRDA:10,0,0,0
BRDA:25,1,0,0
BRF:2
BRH:0
end_of_record
TN:
SF:src\routes\projects.ts
FN:13,(anonymous_1)
FN:22,(anonymous_2)
FN:31,(anonymous_3)
FN:38,(anonymous_4)
FN:48,(anonymous_5)
FN:55,(anonymous_6)
FN:58,(anonymous_7)
FN:67,(anonymous_8)
FN:75,(anonymous_9)
FN:105,(anonymous_10)
FN:110,(anonymous_11)
FN:118,(anonymous_12)
FN:123,(anonymous_13)
FNF:13
FNH:6
FNDA:2,(anonymous_1)
FNDA:0,(anonymous_2)
FNDA:1,(anonymous_3)
FNDA:0,(anonymous_4)
FNDA:0,(anonymous_5)
FNDA:0,(anonymous_6)
FNDA:0,(anonymous_7)
FNDA:2,(anonymous_8)
FNDA:2,(anonymous_9)
FNDA:1,(anonymous_10)
FNDA:1,(anonymous_11)
FNDA:0,(anonymous_12)
FNDA:0,(anonymous_13)
DA:1,9
DA:2,9
DA:3,9
DA:4,9
DA:5,9
DA:6,9
DA:10,9
DA:13,9
DA:14,2
DA:15,2
DA:16,2
DA:17,2
DA:18,2
DA:22,9
DA:23,0
DA:24,0
DA:25,0
DA:26,0
DA:27,0
DA:31,9
DA:32,1
DA:33,1
DA:34,1
DA:38,9
DA:39,0
DA:40,0
DA:41,0
DA:42,0
DA:43,0
DA:44,0
DA:48,9
DA:49,0
DA:50,0
DA:51,0
DA:55,9
DA:56,0
DA:57,0
DA:58,0
DA:59,0
DA:60,0
DA:61,0
DA:64,9
DA:67,9
DA:68,2
DA:69,2
DA:70,2
DA:71,2
DA:74,2
DA:75,2
DA:76,2
DA:77,2
DA:79,2
DA:81,2
DA:82,0
DA:83,0
DA:84,0
DA:86,2
DA:87,1
DA:88,1
DA:89,1
DA:91,1
DA:92,1
DA:96,1
DA:97,1
DA:98,1
DA:99,1
DA:100,1
DA:101,1
DA:105,9
DA:106,1
DA:107,1
DA:108,1
DA:109,1
DA:110,1
DA:111,1
DA:112,1
DA:113,1
DA:114,1
DA:118,9
DA:119,0
DA:120,0
DA:121,0
DA:122,0
DA:123,0
DA:124,0
DA:125,0
DA:126,0
DA:127,0
DA:128,0
DA:130,0
DA:132,0
LF:91
LH:56
BRDA:15,0,0,0
BRDA:15,1,0,2
BRDA:15,1,1,2
BRDA:15,1,2,2
BRDA:16,2,0,2
BRDA:16,2,1,2
BRDA:25,3,0,0
BRDA:33,4,0,0
BRDA:40,5,0,0
BRDA:41,6,0,0
BRDA:57,7,0,0
BRDA:69,8,0,0
BRDA:71,9,0,0
BRDA:77,10,0,0
BRDA:77,11,0,2
BRDA:77,11,1,2
BRDA:81,12,0,2
BRDA:81,12,1,0
BRDA:82,13,0,0
BRDA:82,13,1,0
BRDA:83,14,0,0
BRDA:83,14,1,0
BRDA:86,15,0,1
BRDA:89,16,0,1
BRDA:89,16,1,0
BRDA:89,17,0,0
BRDA:89,17,1,0
BRDA:98,18,0,1
BRDA:99,19,0,0
BRDA:100,20,0,0
BRDA:108,21,0,0
BRDA:112,22,0,0
BRDA:112,23,0,1
BRDA:112,23,1,1
BRDA:121,24,0,0
BRDA:125,25,0,0
BRDA:125,26,0,0
BRDA:125,26,1,0
BRDA:127,27,0,0
BRDA:128,28,0,0
BRDA:128,29,0,0
BRDA:128,29,1,0
BRDA:128,29,2,0
BRF:43
BRH:13
end_of_record
TN:
SF:src\routes\reports.ts
FN:9,(anonymous_1)
FN:21,(anonymous_2)
FNF:2
FNH:2
FNDA:2,(anonymous_1)
FNDA:2,(anonymous_2)
DA:1,9
DA:2,9
DA:3,9
DA:4,9
DA:6,9
DA:9,9
DA:10,2
DA:11,2
DA:12,1
DA:13,1
DA:14,1
DA:16,0
DA:21,9
DA:22,2
DA:23,2
DA:25,1
DA:38,1
DA:41,9
LF:18
LH:17
BRDA:11,0,0,1
BRDA:23,1,0,1
BRDA:23,2,0,2
BRDA:23,2,1,1
BRDA:30,3,0,0
BRDA:30,3,1,1
BRDA:31,4,0,1
BRDA:31,4,1,1
BRDA:34,5,0,0
BRDA:34,5,1,1
BRF:10
BRH:8
end_of_record
TN:
SF:src\routes\userProjects.ts
FN:9,(anonymous_1)
FN:12,(anonymous_2)
FN:12,(anonymous_3)
FN:17,(anonymous_4)
FN:26,(anonymous_5)
FN:30,(anonymous_6)
FN:30,(anonymous_7)
FNF:7
FNH:1
FNDA:1,(anonymous_1)
FNDA:0,(anonymous_2)
FNDA:0,(anonymous_3)
FNDA:0,(anonymous_4)
FNDA:0,(anonymous_5)
FNDA:0,(anonymous_6)
FNDA:0,(anonymous_7)
DA:1,9
DA:2,9
DA:3,9
DA:4,9
DA:6,9
DA:9,9
DA:10,1
DA:11,1
DA:12,1
DA:13,1
DA:17,9
DA:18,0
DA:19,0
DA:21,0
DA:22,0
DA:23,0
DA:24,0
DA:25,0
DA:26,0
DA:27,0
DA:29,0
DA:30,0
DA:31,0
DA:32,0
DA:33,0
DA:36,9
LF:26
LH:12
BRDA:12,0,0,0
BRDA:12,0,1,0
BRDA:12,1,0,0
BRDA:12,1,1,0
BRF:4
BRH:0
end_of_record
TN:
SF:src\routes\users.ts
FN:8,(anonymous_1)
FN:14,(anonymous_2)
FNF:2
FNH:0
FNDA:0,(anonymous_1)
FNDA:0,(anonymous_2)
DA:1,9
DA:2,9
DA:3,9
DA:5,9
DA:8,9
DA:9,0
DA:10,0
DA:14,9
DA:15,0
DA:16,0
DA:19,0
DA:20,0
DA:23,9
LF:13
LH:7
BRDA:16,0,0,0
BRDA:16,1,0,0
BRDA:16,1,1,0
BRDA:19,2,0,0
BRDA:19,2,1,0
BRF:5
BRH:0
end_of_record
TN:
SF:src\types\pdfkit.d.ts
FNF:0
FNH:0
LF:0
LH:0
BRF:0
BRH:0
end_of_record
