{"C:\\Users\\moham\\Desktop\\pal\\backend\\src\\lib\\storage.ts": {"path":"C:\\Users\\moham\\Desktop\\pal\\backend\\src\\lib\\storage.ts","statementMap":{"0":{"start":{"line":34,"column":0},"end":{"line":34,"column":7}},"1":{"start":{"line":63,"column":0},"end":{"line":63,"column":7}},"2":{"start":{"line":75,"column":0},"end":{"line":75,"column":7}},"3":{"start":{"line":1,"column":0},"end":{"line":1,"column":20}},"4":{"start":{"line":2,"column":0},"end":{"line":2,"column":24}},"5":{"start":{"line":3,"column":0},"end":{"line":3,"column":82}},"6":{"start":{"line":4,"column":0},"end":{"line":4,"column":61}},"7":{"start":{"line":6,"column":13},"end":{"line":6,"column":59}},"8":{"start":{"line":7,"column":16},"end":{"line":7,"column":69}},"9":{"start":{"line":8,"column":18},"end":{"line":8,"column":68}},"10":{"start":{"line":11,"column":2},"end":{"line":11,"column":62}},"11":{"start":{"line":11,"column":25},"end":{"line":11,"column":62}},"12":{"start":{"line":14,"column":11},"end":{"line":14,"column":100}},"13":{"start":{"line":17,"column":2},"end":{"line":17,"column":37}},"14":{"start":{"line":17,"column":25},"end":{"line":17,"column":37}},"15":{"start":{"line":18,"column":2},"end":{"line":26,"column":3}},"16":{"start":{"line":19,"column":16},"end":{"line":19,"column":84}},"17":{"start":{"line":20,"column":19},"end":{"line":20,"column":34}},"18":{"start":{"line":21,"column":29},"end":{"line":21,"column":31}},"19":{"start":{"line":22,"column":4},"end":{"line":22,"column":70}},"20":{"start":{"line":22,"column":38},"end":{"line":22,"column":70}},"21":{"start":{"line":23,"column":4},"end":{"line":23,"column":70}},"22":{"start":{"line":25,"column":4},"end":{"line":25,"column":16}},"23":{"start":{"line":30,"column":2},"end":{"line":30,"column":62}},"24":{"start":{"line":30,"column":25},"end":{"line":30,"column":62}},"25":{"start":{"line":31,"column":2},"end":{"line":31,"column":109}},"26":{"start":{"line":35,"column":2},"end":{"line":46,"column":3}},"27":{"start":{"line":36,"column":4},"end":{"line":36,"column":64}},"28":{"start":{"line":36,"column":20},"end":{"line":36,"column":64}},"29":{"start":{"line":37,"column":16},"end":{"line":37,"column":42}},"30":{"start":{"line":38,"column":4},"end":{"line":38,"column":41}},"31":{"start":{"line":40,"column":20},"end":{"line":40,"column":48}},"32":{"start":{"line":41,"column":21},"end":{"line":41,"column":54}},"33":{"start":{"line":42,"column":18},"end":{"line":42,"column":98}},"34":{"start":{"line":43,"column":4},"end":{"line":43,"column":28}},"35":{"start":{"line":44,"column":4},"end":{"line":44,"column":82}},"36":{"start":{"line":45,"column":4},"end":{"line":45,"column":17}},"37":{"start":{"line":48,"column":14},"end":{"line":48,"column":40}},"38":{"start":{"line":49,"column":2},"end":{"line":49,"column":17}},"39":{"start":{"line":50,"column":19},"end":{"line":50,"column":43}},"40":{"start":{"line":51,"column":2},"end":{"line":51,"column":48}},"41":{"start":{"line":52,"column":19},"end":{"line":52,"column":50}},"42":{"start":{"line":53,"column":20},"end":{"line":53,"column":22}},"43":{"start":{"line":54,"column":2},"end":{"line":56,"column":3}},"44":{"start":{"line":55,"column":4},"end":{"line":55,"column":109}},"45":{"start":{"line":55,"column":10},"end":{"line":55,"column":82}},"46":{"start":{"line":55,"column":97},"end":{"line":55,"column":107}},"47":{"start":{"line":57,"column":16},"end":{"line":57,"column":96}},"48":{"start":{"line":58,"column":2},"end":{"line":58,"column":22}},"49":{"start":{"line":59,"column":2},"end":{"line":59,"column":79}},"50":{"start":{"line":60,"column":2},"end":{"line":60,"column":15}},"51":{"start":{"line":64,"column":2},"end":{"line":68,"column":3}},"52":{"start":{"line":65,"column":20},"end":{"line":65,"column":48}},"53":{"start":{"line":66,"column":17},"end":{"line":66,"column":42}},"54":{"start":{"line":67,"column":4},"end":{"line":67,"column":43}},"55":{"start":{"line":69,"column":14},"end":{"line":69,"column":40}},"56":{"start":{"line":70,"column":19},"end":{"line":70,"column":50}},"57":{"start":{"line":71,"column":2},"end":{"line":71,"column":42}},"58":{"start":{"line":71,"column":32},"end":{"line":71,"column":42}},"59":{"start":{"line":72,"column":2},"end":{"line":72,"column":96}},"60":{"start":{"line":72,"column":8},"end":{"line":72,"column":69}},"61":{"start":{"line":72,"column":84},"end":{"line":72,"column":94}},"62":{"start":{"line":76,"column":2},"end":{"line":83,"column":3}},"63":{"start":{"line":77,"column":4},"end":{"line":77,"column":39}},"64":{"start":{"line":77,"column":27},"end":{"line":77,"column":39}},"65":{"start":{"line":78,"column":16},"end":{"line":78,"column":42}},"66":{"start":{"line":79,"column":4},"end":{"line":82,"column":34}},"67":{"start":{"line":80,"column":18},"end":{"line":80,"column":114}},"68":{"start":{"line":81,"column":6},"end":{"line":81,"column":17}},"69":{"start":{"line":82,"column":20},"end":{"line":82,"column":32}},"70":{"start":{"line":84,"column":19},"end":{"line":84,"column":55}},"71":{"start":{"line":85,"column":2},"end":{"line":85,"column":44}},"72":{"start":{"line":85,"column":32},"end":{"line":85,"column":44}},"73":{"start":{"line":86,"column":2},"end":{"line":86,"column":18}}},"fnMap":{"0":{"name":"ensureDir","decl":{"start":{"line":10,"column":9},"end":{"line":10,"column":18}},"loc":{"start":{"line":10,"column":28},"end":{"line":12,"column":1}}},"1":{"name":"readS3Json","decl":{"start":{"line":16,"column":15},"end":{"line":16,"column":25}},"loc":{"start":{"line":16,"column":37},"end":{"line":27,"column":1}}},"2":{"name":"writeS3","decl":{"start":{"line":29,"column":15},"end":{"line":29,"column":22}},"loc":{"start":{"line":29,"column":79},"end":{"line":32,"column":1}}},"3":{"name":"saveExport","decl":{"start":{"line":34,"column":22},"end":{"line":34,"column":32}},"loc":{"start":{"line":34,"column":102},"end":{"line":61,"column":1}}},"4":{"name":"listExports","decl":{"start":{"line":63,"column":22},"end":{"line":63,"column":33}},"loc":{"start":{"line":63,"column":51},"end":{"line":73,"column":1}}},"5":{"name":"getExportPath","decl":{"start":{"line":75,"column":22},"end":{"line":75,"column":35}},"loc":{"start":{"line":75,"column":71},"end":{"line":87,"column":1}}}},"branchMap":{"0":{"loc":{"start":{"line":7,"column":17},"end":{"line":7,"column":54}},"type":"binary-expr","locations":[{"start":{"line":7,"column":17},"end":{"line":7,"column":43}},{"start":{"line":7,"column":47},"end":{"line":7,"column":54}}]},"1":{"loc":{"start":{"line":8,"column":18},"end":{"line":8,"column":68}},"type":"binary-expr","locations":[{"start":{"line":8,"column":18},"end":{"line":8,"column":39}},{"start":{"line":8,"column":43},"end":{"line":8,"column":68}}]},"2":{"loc":{"start":{"line":11,"column":2},"end":{"line":11,"column":62}},"type":"if","locations":[{"start":{"line":11,"column":2},"end":{"line":11,"column":62}}]},"3":{"loc":{"start":{"line":14,"column":11},"end":{"line":14,"column":100}},"type":"cond-expr","locations":[{"start":{"line":14,"column":30},"end":{"line":14,"column":93}},{"start":{"line":14,"column":96},"end":{"line":14,"column":100}}]},"4":{"loc":{"start":{"line":14,"column":53},"end":{"line":14,"column":90}},"type":"binary-expr","locations":[{"start":{"line":14,"column":53},"end":{"line":14,"column":75}},{"start":{"line":14,"column":79},"end":{"line":14,"column":90}}]},"5":{"loc":{"start":{"line":17,"column":2},"end":{"line":17,"column":37}},"type":"if","locations":[{"start":{"line":17,"column":2},"end":{"line":17,"column":37}}]},"6":{"loc":{"start":{"line":17,"column":6},"end":{"line":17,"column":23}},"type":"binary-expr","locations":[{"start":{"line":17,"column":6},"end":{"line":17,"column":9}},{"start":{"line":17,"column":13},"end":{"line":17,"column":23}}]},"7":{"loc":{"start":{"line":23,"column":22},"end":{"line":23,"column":68}},"type":"binary-expr","locations":[{"start":{"line":23,"column":22},"end":{"line":23,"column":60}},{"start":{"line":23,"column":64},"end":{"line":23,"column":68}}]},"8":{"loc":{"start":{"line":30,"column":2},"end":{"line":30,"column":62}},"type":"if","locations":[{"start":{"line":30,"column":2},"end":{"line":30,"column":62}}]},"9":{"loc":{"start":{"line":30,"column":6},"end":{"line":30,"column":23}},"type":"binary-expr","locations":[{"start":{"line":30,"column":6},"end":{"line":30,"column":9}},{"start":{"line":30,"column":13},"end":{"line":30,"column":23}}]},"10":{"loc":{"start":{"line":35,"column":2},"end":{"line":46,"column":3}},"type":"if","locations":[{"start":{"line":35,"column":2},"end":{"line":46,"column":3}}]},"11":{"loc":{"start":{"line":36,"column":4},"end":{"line":36,"column":64}},"type":"if","locations":[{"start":{"line":36,"column":4},"end":{"line":36,"column":64}}]},"12":{"loc":{"start":{"line":41,"column":21},"end":{"line":41,"column":54}},"type":"binary-expr","locations":[{"start":{"line":41,"column":22},"end":{"line":41,"column":47}},{"start":{"line":41,"column":52},"end":{"line":41,"column":54}}]},"13":{"loc":{"start":{"line":54,"column":2},"end":{"line":56,"column":3}},"type":"if","locations":[{"start":{"line":54,"column":2},"end":{"line":56,"column":3}}]},"14":{"loc":{"start":{"line":55,"column":28},"end":{"line":55,"column":80}},"type":"binary-expr","locations":[{"start":{"line":55,"column":28},"end":{"line":55,"column":72}},{"start":{"line":55,"column":76},"end":{"line":55,"column":80}}]},"15":{"loc":{"start":{"line":64,"column":2},"end":{"line":68,"column":3}},"type":"if","locations":[{"start":{"line":64,"column":2},"end":{"line":68,"column":3}}]},"16":{"loc":{"start":{"line":67,"column":11},"end":{"line":67,"column":42}},"type":"cond-expr","locations":[{"start":{"line":67,"column":33},"end":{"line":67,"column":37}},{"start":{"line":67,"column":40},"end":{"line":67,"column":42}}]},"17":{"loc":{"start":{"line":71,"column":2},"end":{"line":71,"column":42}},"type":"if","locations":[{"start":{"line":71,"column":2},"end":{"line":71,"column":42}}]},"18":{"loc":{"start":{"line":72,"column":26},"end":{"line":72,"column":67}},"type":"binary-expr","locations":[{"start":{"line":72,"column":26},"end":{"line":72,"column":59}},{"start":{"line":72,"column":63},"end":{"line":72,"column":67}}]},"19":{"loc":{"start":{"line":76,"column":2},"end":{"line":83,"column":3}},"type":"if","locations":[{"start":{"line":76,"column":2},"end":{"line":83,"column":3}}]},"20":{"loc":{"start":{"line":77,"column":4},"end":{"line":77,"column":39}},"type":"if","locations":[{"start":{"line":77,"column":4},"end":{"line":77,"column":39}}]},"21":{"loc":{"start":{"line":77,"column":8},"end":{"line":77,"column":25}},"type":"binary-expr","locations":[{"start":{"line":77,"column":8},"end":{"line":77,"column":11}},{"start":{"line":77,"column":15},"end":{"line":77,"column":25}}]},"22":{"loc":{"start":{"line":85,"column":2},"end":{"line":85,"column":44}},"type":"if","locations":[{"start":{"line":85,"column":2},"end":{"line":85,"column":44}}]}},"s":{"0":1,"1":1,"2":1,"3":1,"4":1,"5":1,"6":1,"7":1,"8":1,"9":1,"10":0,"11":0,"12":1,"13":2,"14":0,"15":2,"16":2,"17":1,"18":1,"19":1,"20":1,"21":1,"22":1,"23":2,"24":0,"25":2,"26":1,"27":1,"28":0,"29":1,"30":1,"31":1,"32":1,"33":1,"34":1,"35":1,"36":1,"37":0,"38":0,"39":0,"40":0,"41":0,"42":0,"43":0,"44":0,"45":0,"46":0,"47":0,"48":0,"49":0,"50":0,"51":1,"52":1,"53":1,"54":1,"55":0,"56":0,"57":0,"58":0,"59":0,"60":0,"61":0,"62":1,"63":1,"64":0,"65":1,"66":1,"67":1,"68":1,"69":0,"70":0,"71":0,"72":0,"73":0},"f":{"0":0,"1":2,"2":2,"3":1,"4":1,"5":1},"b":{"0":[1,0],"1":[1,0],"2":[0],"3":[1,0],"4":[1,1],"5":[0],"6":[2,2],"7":[1,0],"8":[0],"9":[2,2],"10":[1],"11":[0],"12":[1,1],"13":[0],"14":[0,0],"15":[1],"16":[1,0],"17":[0],"18":[0,0],"19":[1],"20":[0],"21":[1,1],"22":[0]}}
}
