TN:
SF:src\lib\storage.ts
FN:10,ensureDir
FN:16,readS3Json
FN:29,writeS3
FN:34,saveExport
FN:63,listExports
FN:75,getExportPath
FNF:6
FNH:5
FNDA:0,ensureDir
FNDA:2,readS3Json
FNDA:2,writeS3
FNDA:1,saveExport
FNDA:1,listExports
FNDA:1,getExportPath
DA:1,1
DA:2,1
DA:3,1
DA:4,1
DA:6,1
DA:7,1
DA:8,1
DA:11,0
DA:14,1
DA:17,2
DA:18,2
DA:19,2
DA:20,1
DA:21,1
DA:22,1
DA:23,1
DA:25,1
DA:30,2
DA:31,2
DA:34,1
DA:35,1
DA:36,1
DA:37,1
DA:38,1
DA:40,1
DA:41,1
DA:42,1
DA:43,1
DA:44,1
DA:45,1
DA:48,0
DA:49,0
DA:50,0
DA:51,0
DA:52,0
DA:53,0
DA:54,0
DA:55,0
DA:57,0
DA:58,0
DA:59,0
DA:60,0
DA:63,1
DA:64,1
DA:65,1
DA:66,1
DA:67,1
DA:69,0
DA:70,0
DA:71,0
DA:72,0
DA:75,1
DA:76,1
DA:77,1
DA:78,1
DA:79,1
DA:80,1
DA:81,1
DA:82,0
DA:84,0
DA:85,0
DA:86,0
LF:62
LH:41
BRDA:7,0,0,1
BRDA:7,0,1,0
BRDA:8,1,0,1
BRDA:8,1,1,0
BRDA:11,2,0,0
BRDA:14,3,0,1
BRDA:14,3,1,0
BRDA:14,4,0,1
BRDA:14,4,1,1
BRDA:17,5,0,0
BRDA:17,6,0,2
BRDA:17,6,1,2
BRDA:23,7,0,1
BRDA:23,7,1,0
BRDA:30,8,0,0
BRDA:30,9,0,2
BRDA:30,9,1,2
BRDA:35,10,0,1
BRDA:36,11,0,0
BRDA:41,12,0,1
BRDA:41,12,1,1
BRDA:54,13,0,0
BRDA:55,14,0,0
BRDA:55,14,1,0
BRDA:64,15,0,1
BRDA:67,16,0,1
BRDA:67,16,1,0
BRDA:71,17,0,0
BRDA:72,18,0,0
BRDA:72,18,1,0
BRDA:76,19,0,1
BRDA:77,20,0,0
BRDA:77,21,0,1
BRDA:77,21,1,1
BRDA:85,22,0,0
BRF:35
BRH:18
end_of_record
